{"/home/nineleaps/Desktop/medicine_adherence_frnt-CQI/assests/images/Medstick_1.png": {"path":"/home/nineleaps/Desktop/medicine_adherence_frnt-CQI/assests/images/Medstick_1.png","statementMap":{"0":{"start":{"line":1,"column":0},"end":{"line":4,"column":6}}},"fnMap":{},"branchMap":{},"s":{"0":2},"f":{},"b":{},"inputSourceMap":null,"_coverageSchema":"1a1c01bbd47fc00a2c39e90264f33305004495a9","hash":"5140fe66896930b7f3ac674f53ba9f93fd8c4b54"}
,"/home/nineleaps/Desktop/medicine_adherence_frnt-CQI/assests/images/noImages.png": {"path":"/home/nineleaps/Desktop/medicine_adherence_frnt-CQI/assests/images/noImages.png","statementMap":{"0":{"start":{"line":1,"column":0},"end":{"line":4,"column":6}}},"fnMap":{},"branchMap":{},"s":{"0":1},"f":{},"b":{},"inputSourceMap":null,"_coverageSchema":"1a1c01bbd47fc00a2c39e90264f33305004495a9","hash":"37e3bda2b0c36c5e5d5fe897adee2184a50d0247"}
,"/home/nineleaps/Desktop/medicine_adherence_frnt-CQI/assests/images/nomeds.png": {"path":"/home/nineleaps/Desktop/medicine_adherence_frnt-CQI/assests/images/nomeds.png","statementMap":{"0":{"start":{"line":1,"column":0},"end":{"line":4,"column":6}}},"fnMap":{},"branchMap":{},"s":{"0":1},"f":{},"b":{},"inputSourceMap":null,"_coverageSchema":"1a1c01bbd47fc00a2c39e90264f33305004495a9","hash":"d7a635d80c2dc38ef7b880bec96268412caa6dfd"}
,"/home/nineleaps/Desktop/medicine_adherence_frnt-CQI/assests/images/nopatientreq.png": {"path":"/home/nineleaps/Desktop/medicine_adherence_frnt-CQI/assests/images/nopatientreq.png","statementMap":{"0":{"start":{"line":1,"column":0},"end":{"line":4,"column":6}}},"fnMap":{},"branchMap":{},"s":{"0":2},"f":{},"b":{},"inputSourceMap":null,"_coverageSchema":"1a1c01bbd47fc00a2c39e90264f33305004495a9","hash":"17dad409788b7702c4e4eb988c2bde37fe84b5ea"}
,"/home/nineleaps/Desktop/medicine_adherence_frnt-CQI/assests/images/nopatients.png": {"path":"/home/nineleaps/Desktop/medicine_adherence_frnt-CQI/assests/images/nopatients.png","statementMap":{"0":{"start":{"line":1,"column":0},"end":{"line":4,"column":6}}},"fnMap":{},"branchMap":{},"s":{"0":2},"f":{},"b":{},"inputSourceMap":null,"_coverageSchema":"1a1c01bbd47fc00a2c39e90264f33305004495a9","hash":"ee41df724f9790849eee35a0f6dbae96a238afc4"}
,"/home/nineleaps/Desktop/medicine_adherence_frnt-CQI/assests/images/noreminders.png": {"path":"/home/nineleaps/Desktop/medicine_adherence_frnt-CQI/assests/images/noreminders.png","statementMap":{"0":{"start":{"line":1,"column":0},"end":{"line":4,"column":6}}},"fnMap":{},"branchMap":{},"s":{"0":1},"f":{},"b":{},"inputSourceMap":null,"_coverageSchema":"1a1c01bbd47fc00a2c39e90264f33305004495a9","hash":"2fa449ef5f90a92c3f2137784c947c6e05a728a1"}
,"/home/nineleaps/Desktop/medicine_adherence_frnt-CQI/assests/images/searchcaretaker.png": {"path":"/home/nineleaps/Desktop/medicine_adherence_frnt-CQI/assests/images/searchcaretaker.png","statementMap":{"0":{"start":{"line":1,"column":0},"end":{"line":4,"column":6}}},"fnMap":{},"branchMap":{},"s":{"0":1},"f":{},"b":{},"inputSourceMap":null,"_coverageSchema":"1a1c01bbd47fc00a2c39e90264f33305004495a9","hash":"6885fe799d7b2a02a39b746cd67ffa50e4ffc5da"}
,"/home/nineleaps/Desktop/medicine_adherence_frnt-CQI/src/components/ProfileHeader.js": {"path":"/home/nineleaps/Desktop/medicine_adherence_frnt-CQI/src/components/ProfileHeader.js","statementMap":{"0":{"start":{"line":8,"column":22},"end":{"line":52,"column":1}},"1":{"start":{"line":9,"column":26},"end":{"line":9,"column":79}},"2":{"start":{"line":10,"column":28},"end":{"line":10,"column":46}},"3":{"start":{"line":11,"column":2},"end":{"line":30,"column":5}},"4":{"start":{"line":32,"column":2},"end":{"line":51,"column":4}}},"fnMap":{"0":{"name":"(anonymous_0)","decl":{"start":{"line":8,"column":22},"end":{"line":8,"column":23}},"loc":{"start":{"line":8,"column":28},"end":{"line":52,"column":1}},"line":8}},"branchMap":{},"s":{"0":2,"1":1,"2":1,"3":1,"4":1},"f":{"0":1},"b":{},"_coverageSchema":"1a1c01bbd47fc00a2c39e90264f33305004495a9","hash":"7eb110f095778324b2a934ddcb69a6f8ffbeeb9a"}
,"/home/nineleaps/Desktop/medicine_adherence_frnt-CQI/src/components/customHeader.js": {"path":"/home/nineleaps/Desktop/medicine_adherence_frnt-CQI/src/components/customHeader.js","statementMap":{"0":{"start":{"line":17,"column":21},"end":{"line":143,"column":1}},"1":{"start":{"line":19,"column":2},"end":{"line":24,"column":5}},"2":{"start":{"line":25,"column":34},"end":{"line":25,"column":48}},"3":{"start":{"line":44,"column":2},"end":{"line":48,"column":25}},"4":{"start":{"line":50,"column":2},"end":{"line":53,"column":5}},"5":{"start":{"line":54,"column":19},"end":{"line":56,"column":3}},"6":{"start":{"line":55,"column":4},"end":{"line":55,"column":41}},"7":{"start":{"line":58,"column":4},"end":{"line":58,"column":42}},"8":{"start":{"line":61,"column":4},"end":{"line":61,"column":40}},"9":{"start":{"line":65,"column":6},"end":{"line":86,"column":9}},"10":{"start":{"line":84,"column":25},"end":{"line":84,"column":34}},"11":{"start":{"line":89,"column":2},"end":{"line":142,"column":4}}},"fnMap":{"0":{"name":"(anonymous_0)","decl":{"start":{"line":17,"column":21},"end":{"line":17,"column":22}},"loc":{"start":{"line":17,"column":30},"end":{"line":143,"column":1}},"line":17},"1":{"name":"(anonymous_1)","decl":{"start":{"line":54,"column":19},"end":{"line":54,"column":20}},"loc":{"start":{"line":54,"column":25},"end":{"line":56,"column":3}},"line":54},"2":{"name":"signupFnc","decl":{"start":{"line":57,"column":17},"end":{"line":57,"column":26}},"loc":{"start":{"line":57,"column":29},"end":{"line":59,"column":3}},"line":57},"3":{"name":"loginFnc","decl":{"start":{"line":60,"column":17},"end":{"line":60,"column":25}},"loc":{"start":{"line":60,"column":28},"end":{"line":62,"column":3}},"line":60},"4":{"name":"alertFnc","decl":{"start":{"line":63,"column":17},"end":{"line":63,"column":25}},"loc":{"start":{"line":63,"column":28},"end":{"line":88,"column":3}},"line":63},"5":{"name":"(anonymous_5)","decl":{"start":{"line":68,"column":19},"end":{"line":68,"column":20}},"loc":{"start":{"line":68,"column":58},"end":{"line":80,"column":11}},"line":68},"6":{"name":"(anonymous_6)","decl":{"start":{"line":84,"column":19},"end":{"line":84,"column":20}},"loc":{"start":{"line":84,"column":25},"end":{"line":84,"column":34}},"line":84}},"branchMap":{"0":{"loc":{"start":{"line":102,"column":13},"end":{"line":137,"column":13}},"type":"cond-expr","locations":[{"start":{"line":103,"column":14},"end":{"line":126,"column":17}},{"start":{"line":128,"column":14},"end":{"line":136,"column":44}}],"line":102}},"s":{"0":1,"1":3,"2":3,"3":3,"4":3,"5":3,"6":1,"7":0,"8":0,"9":1,"10":0,"11":3},"f":{"0":3,"1":1,"2":0,"3":0,"4":1,"5":0,"6":0},"b":{"0":[0,3]},"_coverageSchema":"1a1c01bbd47fc00a2c39e90264f33305004495a9","hash":"dc9ce8e80e81f7ebac62bef4b7ff95bd48fc2c6e"}
,"/home/nineleaps/Desktop/medicine_adherence_frnt-CQI/src/components/logger.js": {"path":"/home/nineleaps/Desktop/medicine_adherence_frnt-CQI/src/components/logger.js","statementMap":{"0":{"start":{"line":2,"column":22},"end":{"line":17,"column":1}},"1":{"start":{"line":18,"column":12},"end":{"line":18,"column":46}},"2":{"start":{"line":20,"column":2},"end":{"line":20,"column":17}},"3":{"start":{"line":23,"column":2},"end":{"line":23,"column":18}},"4":{"start":{"line":26,"column":15},"end":{"line":29,"column":1}}},"fnMap":{"0":{"name":"loggerInfo","decl":{"start":{"line":19,"column":9},"end":{"line":19,"column":19}},"loc":{"start":{"line":19,"column":26},"end":{"line":21,"column":1}},"line":19},"1":{"name":"loggerError","decl":{"start":{"line":22,"column":9},"end":{"line":22,"column":20}},"loc":{"start":{"line":22,"column":27},"end":{"line":24,"column":1}},"line":22}},"branchMap":{},"s":{"0":38,"1":38,"2":37,"3":33,"4":38},"f":{"0":37,"1":33},"b":{},"_coverageSchema":"1a1c01bbd47fc00a2c39e90264f33305004495a9","hash":"5cf754ddb14bb44f6511b6d090987ec5217a51bf"}
,"/home/nineleaps/Desktop/medicine_adherence_frnt-CQI/src/components/adherence/adherencePercentage.js": {"path":"/home/nineleaps/Desktop/medicine_adherence_frnt-CQI/src/components/adherence/adherencePercentage.js","statementMap":{},"fnMap":{},"branchMap":{},"s":{},"f":{},"b":{},"_coverageSchema":"1a1c01bbd47fc00a2c39e90264f33305004495a9","hash":"397f355069c04d6a6ae07fe4171b825424f44967"}
,"/home/nineleaps/Desktop/medicine_adherence_frnt-CQI/src/components/adherence/allReminderData.js": {"path":"/home/nineleaps/Desktop/medicine_adherence_frnt-CQI/src/components/adherence/allReminderData.js","statementMap":{"0":{"start":{"line":4,"column":11},"end":{"line":4,"column":21}},"1":{"start":{"line":5,"column":24},"end":{"line":61,"column":1}},"2":{"start":{"line":7,"column":12},"end":{"line":7,"column":21}},"3":{"start":{"line":8,"column":15},"end":{"line":8,"column":16}},"4":{"start":{"line":57,"column":2},"end":{"line":57,"column":33}},"5":{"start":{"line":59,"column":2},"end":{"line":59,"column":25}},"6":{"start":{"line":60,"column":2},"end":{"line":60,"column":42}}},"fnMap":{"0":{"name":"(anonymous_0)","decl":{"start":{"line":5,"column":24},"end":{"line":5,"column":25}},"loc":{"start":{"line":5,"column":44},"end":{"line":61,"column":1}},"line":5}},"branchMap":{},"s":{"0":2,"1":2,"2":3,"3":3,"4":3,"5":0,"6":0},"f":{"0":3},"b":{},"_coverageSchema":"1a1c01bbd47fc00a2c39e90264f33305004495a9","hash":"385500c9394eeba3238df6f9ffed6ed6cf22fa64"}
,"/home/nineleaps/Desktop/medicine_adherence_frnt-CQI/src/components/adherence/downloadPdf.js": {"path":"/home/nineleaps/Desktop/medicine_adherence_frnt-CQI/src/components/adherence/downloadPdf.js","statementMap":{},"fnMap":{},"branchMap":{},"s":{},"f":{},"b":{},"_coverageSchema":"1a1c01bbd47fc00a2c39e90264f33305004495a9","hash":"68383eb345c4e2408b63efff0e01c1ca1d55a19c"}
,"/home/nineleaps/Desktop/medicine_adherence_frnt-CQI/src/components/alarm/timeData.js": {"path":"/home/nineleaps/Desktop/medicine_adherence_frnt-CQI/src/components/alarm/timeData.js","statementMap":{"0":{"start":{"line":1,"column":25},"end":{"line":31,"column":1}},"1":{"start":{"line":33,"column":24},"end":{"line":47,"column":1}}},"fnMap":{},"branchMap":{},"s":{"0":2,"1":2},"f":{},"b":{},"_coverageSchema":"1a1c01bbd47fc00a2c39e90264f33305004495a9","hash":"b1d1232788db939c5a38fcca6118227c27a13518"}
,"/home/nineleaps/Desktop/medicine_adherence_frnt-CQI/src/components/caretaker/allIcons.js": {"path":"/home/nineleaps/Desktop/medicine_adherence_frnt-CQI/src/components/caretaker/allIcons.js","statementMap":{"0":{"start":{"line":6,"column":2},"end":{"line":8,"column":4}},"1":{"start":{"line":12,"column":2},"end":{"line":12,"column":57}},"2":{"start":{"line":16,"column":2},"end":{"line":16,"column":78}}},"fnMap":{"0":{"name":"Caretaker_nurse","decl":{"start":{"line":5,"column":9},"end":{"line":5,"column":24}},"loc":{"start":{"line":5,"column":27},"end":{"line":9,"column":1}},"line":5},"1":{"name":"Signout","decl":{"start":{"line":11,"column":9},"end":{"line":11,"column":16}},"loc":{"start":{"line":11,"column":19},"end":{"line":13,"column":1}},"line":11},"2":{"name":"Userfriend","decl":{"start":{"line":15,"column":9},"end":{"line":15,"column":19}},"loc":{"start":{"line":15,"column":22},"end":{"line":17,"column":1}},"line":15}},"branchMap":{},"s":{"0":1,"1":3,"2":1},"f":{"0":1,"1":3,"2":1},"b":{},"_coverageSchema":"1a1c01bbd47fc00a2c39e90264f33305004495a9","hash":"0a760347721b96f4dd1d7b798cf156a991a2b497"}
,"/home/nineleaps/Desktop/medicine_adherence_frnt-CQI/src/components/componentStyles/styles.js": {"path":"/home/nineleaps/Desktop/medicine_adherence_frnt-CQI/src/components/componentStyles/styles.js","statementMap":{"0":{"start":{"line":3,"column":15},"end":{"line":42,"column":2}}},"fnMap":{},"branchMap":{},"s":{"0":2},"f":{},"b":{},"_coverageSchema":"1a1c01bbd47fc00a2c39e90264f33305004495a9","hash":"3069872c5a58a3645079900265fe57597e384ee0"}
,"/home/nineleaps/Desktop/medicine_adherence_frnt-CQI/src/components/organisms/medicineHistoryList.js": {"path":"/home/nineleaps/Desktop/medicine_adherence_frnt-CQI/src/components/organisms/medicineHistoryList.js","statementMap":{"0":{"start":{"line":8,"column":28},"end":{"line":57,"column":1}},"1":{"start":{"line":9,"column":40},"end":{"line":9,"column":45}},"2":{"start":{"line":10,"column":2},"end":{"line":56,"column":4}},"3":{"start":{"line":23,"column":32},"end":{"line":25,"column":21}},"4":{"start":{"line":26,"column":20},"end":{"line":26,"column":50}},"5":{"start":{"line":35,"column":10},"end":{"line":42,"column":12}},"6":{"start":{"line":45,"column":10},"end":{"line":52,"column":12}}},"fnMap":{"0":{"name":"(anonymous_0)","decl":{"start":{"line":8,"column":28},"end":{"line":8,"column":29}},"loc":{"start":{"line":8,"column":37},"end":{"line":57,"column":1}},"line":8},"1":{"name":"(anonymous_1)","decl":{"start":{"line":22,"column":27},"end":{"line":22,"column":28}},"loc":{"start":{"line":22,"column":39},"end":{"line":27,"column":19}},"line":22},"2":{"name":"(anonymous_2)","decl":{"start":{"line":34,"column":35},"end":{"line":34,"column":36}},"loc":{"start":{"line":34,"column":44},"end":{"line":43,"column":9}},"line":34},"3":{"name":"(anonymous_3)","decl":{"start":{"line":44,"column":31},"end":{"line":44,"column":32}},"loc":{"start":{"line":44,"column":40},"end":{"line":53,"column":9}},"line":44}},"branchMap":{},"s":{"0":2,"1":3,"2":3,"3":2,"4":0,"5":3,"6":3},"f":{"0":3,"1":2,"2":3,"3":3},"b":{},"_coverageSchema":"1a1c01bbd47fc00a2c39e90264f33305004495a9","hash":"d8babd7d237ccb621bda7f286d55b600e38ec73c"}
,"/home/nineleaps/Desktop/medicine_adherence_frnt-CQI/src/components/organisms/medicineTime.js": {"path":"/home/nineleaps/Desktop/medicine_adherence_frnt-CQI/src/components/organisms/medicineTime.js","statementMap":{"0":{"start":{"line":6,"column":12},"end":{"line":39,"column":1}},"1":{"start":{"line":7,"column":32},"end":{"line":7,"column":37}},"2":{"start":{"line":8,"column":26},"end":{"line":8,"column":41}},"3":{"start":{"line":9,"column":31},"end":{"line":9,"column":46}},"4":{"start":{"line":11,"column":2},"end":{"line":38,"column":4}},"5":{"start":{"line":26,"column":12},"end":{"line":26,"column":27}},"6":{"start":{"line":27,"column":12},"end":{"line":27,"column":32}},"7":{"start":{"line":28,"column":12},"end":{"line":28,"column":30}}},"fnMap":{"0":{"name":"(anonymous_0)","decl":{"start":{"line":6,"column":12},"end":{"line":6,"column":13}},"loc":{"start":{"line":6,"column":23},"end":{"line":39,"column":1}},"line":6},"1":{"name":"(anonymous_1)","decl":{"start":{"line":25,"column":19},"end":{"line":25,"column":20}},"loc":{"start":{"line":25,"column":25},"end":{"line":29,"column":11}},"line":25}},"branchMap":{"0":{"loc":{"start":{"line":12,"column":4},"end":{"line":37,"column":5}},"type":"binary-expr","locations":[{"start":{"line":12,"column":4},"end":{"line":12,"column":22}},{"start":{"line":13,"column":6},"end":{"line":36,"column":13}}],"line":12},"1":{"loc":{"start":{"line":31,"column":9},"end":{"line":35,"column":9}},"type":"cond-expr","locations":[{"start":{"line":32,"column":10},"end":{"line":32,"column":51}},{"start":{"line":34,"column":10},"end":{"line":34,"column":55}}],"line":31}},"s":{"0":1,"1":4,"2":4,"3":4,"4":4,"5":1,"6":1,"7":1},"f":{"0":4,"1":1},"b":{"0":[4,4],"1":[1,3]},"_coverageSchema":"1a1c01bbd47fc00a2c39e90264f33305004495a9","hash":"bd2423982eb9981410a8841e063fc87a974bf970"}
,"/home/nineleaps/Desktop/medicine_adherence_frnt-CQI/src/connection/checkConnectivity.js": {"path":"/home/nineleaps/Desktop/medicine_adherence_frnt-CQI/src/connection/checkConnectivity.js","statementMap":{"0":{"start":{"line":3,"column":26},"end":{"line":13,"column":1}},"1":{"start":{"line":4,"column":19},"end":{"line":4,"column":23}},"2":{"start":{"line":5,"column":2},"end":{"line":12,"column":5}},"3":{"start":{"line":6,"column":24},"end":{"line":9,"column":6}},"4":{"start":{"line":7,"column":6},"end":{"line":7,"column":37}},"5":{"start":{"line":8,"column":6},"end":{"line":8,"column":22}},"6":{"start":{"line":11,"column":4},"end":{"line":11,"column":18}}},"fnMap":{"0":{"name":"(anonymous_0)","decl":{"start":{"line":3,"column":26},"end":{"line":3,"column":27}},"loc":{"start":{"line":3,"column":38},"end":{"line":13,"column":1}},"line":3},"1":{"name":"(anonymous_1)","decl":{"start":{"line":5,"column":21},"end":{"line":5,"column":22}},"loc":{"start":{"line":5,"column":28},"end":{"line":12,"column":3}},"line":5},"2":{"name":"(anonymous_2)","decl":{"start":{"line":6,"column":49},"end":{"line":6,"column":50}},"loc":{"start":{"line":6,"column":58},"end":{"line":9,"column":5}},"line":6}},"branchMap":{},"s":{"0":2,"1":0,"2":0,"3":0,"4":0,"5":0,"6":0},"f":{"0":0,"1":0,"2":0},"b":{},"_coverageSchema":"1a1c01bbd47fc00a2c39e90264f33305004495a9","hash":"71d37b2a266a227da50dc78c480502509f7f5bd9"}
,"/home/nineleaps/Desktop/medicine_adherence_frnt-CQI/src/connection/networkCalls.js": {"path":"/home/nineleaps/Desktop/medicine_adherence_frnt-CQI/src/connection/networkCalls.js","statementMap":{"0":{"start":{"line":4,"column":21},"end":{"line":41,"column":1}},"1":{"start":{"line":6,"column":4},"end":{"line":6,"column":34}},"2":{"start":{"line":7,"column":19},"end":{"line":16,"column":5}},"3":{"start":{"line":17,"column":4},"end":{"line":17,"column":20}},"4":{"start":{"line":20,"column":19},"end":{"line":27,"column":5}},"5":{"start":{"line":28,"column":4},"end":{"line":28,"column":27}},"6":{"start":{"line":31,"column":19},"end":{"line":38,"column":5}},"7":{"start":{"line":39,"column":4},"end":{"line":39,"column":27}}},"fnMap":{"0":{"name":"(anonymous_0)","decl":{"start":{"line":5,"column":15},"end":{"line":5,"column":16}},"loc":{"start":{"line":5,"column":44},"end":{"line":18,"column":3}},"line":5},"1":{"name":"(anonymous_1)","decl":{"start":{"line":19,"column":22},"end":{"line":19,"column":23}},"loc":{"start":{"line":19,"column":37},"end":{"line":29,"column":3}},"line":19},"2":{"name":"(anonymous_2)","decl":{"start":{"line":30,"column":19},"end":{"line":30,"column":20}},"loc":{"start":{"line":30,"column":38},"end":{"line":40,"column":3}},"line":30}},"branchMap":{},"s":{"0":1,"1":0,"2":0,"3":0,"4":0,"5":0,"6":0,"7":0},"f":{"0":0,"1":0,"2":0},"b":{},"_coverageSchema":"1a1c01bbd47fc00a2c39e90264f33305004495a9","hash":"13bad5169c04e6dbe76486cd3712d450fc5fe90b"}
,"/home/nineleaps/Desktop/medicine_adherence_frnt-CQI/src/constants/apiUrl.js": {"path":"/home/nineleaps/Desktop/medicine_adherence_frnt-CQI/src/constants/apiUrl.js","statementMap":{"0":{"start":{"line":3,"column":24},"end":{"line":22,"column":1}}},"fnMap":{},"branchMap":{},"s":{"0":24},"f":{},"b":{},"_coverageSchema":"1a1c01bbd47fc00a2c39e90264f33305004495a9","hash":"5ed8dfd6c98585f3409329c2c6746ada8a0b4de3"}
,"/home/nineleaps/Desktop/medicine_adherence_frnt-CQI/src/redux/actions/allTypes.js": {"path":"/home/nineleaps/Desktop/medicine_adherence_frnt-CQI/src/redux/actions/allTypes.js","statementMap":{"0":{"start":{"line":1,"column":17},"end":{"line":81,"column":1}}},"fnMap":{},"branchMap":{},"s":{"0":60},"f":{},"b":{},"_coverageSchema":"1a1c01bbd47fc00a2c39e90264f33305004495a9","hash":"3f899d6f06c1e7bad9e61037f55f8a029956b47f"}
,"/home/nineleaps/Desktop/medicine_adherence_frnt-CQI/src/redux/actions/adherence/downloadPdfActions.js": {"path":"/home/nineleaps/Desktop/medicine_adherence_frnt-CQI/src/redux/actions/adherence/downloadPdfActions.js","statementMap":{"0":{"start":{"line":4,"column":2},"end":{"line":7,"column":4}},"1":{"start":{"line":11,"column":2},"end":{"line":14,"column":4}},"2":{"start":{"line":18,"column":2},"end":{"line":21,"column":4}},"3":{"start":{"line":24,"column":34},"end":{"line":28,"column":1}}},"fnMap":{"0":{"name":"downloadPdf","decl":{"start":{"line":3,"column":9},"end":{"line":3,"column":20}},"loc":{"start":{"line":3,"column":34},"end":{"line":8,"column":1}},"line":3},"1":{"name":"downloadPdfSuccess","decl":{"start":{"line":10,"column":9},"end":{"line":10,"column":27}},"loc":{"start":{"line":10,"column":34},"end":{"line":15,"column":1}},"line":10},"2":{"name":"downloadPdfError","decl":{"start":{"line":17,"column":9},"end":{"line":17,"column":25}},"loc":{"start":{"line":17,"column":33},"end":{"line":22,"column":1}},"line":17}},"branchMap":{},"s":{"0":1,"1":3,"2":3,"3":2},"f":{"0":1,"1":3,"2":3},"b":{},"_coverageSchema":"1a1c01bbd47fc00a2c39e90264f33305004495a9","hash":"dcfa3fd5494edf8e05bd25873eaafb3dc8606db2"}
,"/home/nineleaps/Desktop/medicine_adherence_frnt-CQI/src/redux/actions/adherence/getMedHistoryActions.js": {"path":"/home/nineleaps/Desktop/medicine_adherence_frnt-CQI/src/redux/actions/adherence/getMedHistoryActions.js","statementMap":{"0":{"start":{"line":4,"column":2},"end":{"line":7,"column":4}},"1":{"start":{"line":11,"column":2},"end":{"line":14,"column":4}},"2":{"start":{"line":18,"column":2},"end":{"line":21,"column":4}},"3":{"start":{"line":24,"column":36},"end":{"line":28,"column":1}}},"fnMap":{"0":{"name":"getMedHistory","decl":{"start":{"line":3,"column":9},"end":{"line":3,"column":22}},"loc":{"start":{"line":3,"column":36},"end":{"line":8,"column":1}},"line":3},"1":{"name":"medHistorySuccess","decl":{"start":{"line":10,"column":9},"end":{"line":10,"column":26}},"loc":{"start":{"line":10,"column":33},"end":{"line":15,"column":1}},"line":10},"2":{"name":"medHistoryError","decl":{"start":{"line":17,"column":9},"end":{"line":17,"column":24}},"loc":{"start":{"line":17,"column":32},"end":{"line":22,"column":1}},"line":17}},"branchMap":{},"s":{"0":1,"1":3,"2":3,"3":2},"f":{"0":1,"1":3,"2":3},"b":{},"_coverageSchema":"1a1c01bbd47fc00a2c39e90264f33305004495a9","hash":"a139e99b85899d2f94c82fad2639ecd7bbb066c4"}
,"/home/nineleaps/Desktop/medicine_adherence_frnt-CQI/src/redux/actions/adherence/medImagesActions.js": {"path":"/home/nineleaps/Desktop/medicine_adherence_frnt-CQI/src/redux/actions/adherence/medImagesActions.js","statementMap":{"0":{"start":{"line":6,"column":2},"end":{"line":9,"column":4}},"1":{"start":{"line":12,"column":2},"end":{"line":12,"column":26}},"2":{"start":{"line":13,"column":2},"end":{"line":16,"column":4}},"3":{"start":{"line":19,"column":2},"end":{"line":19,"column":28}},"4":{"start":{"line":20,"column":2},"end":{"line":23,"column":4}},"5":{"start":{"line":26,"column":32},"end":{"line":30,"column":1}}},"fnMap":{"0":{"name":"fetchMedImages","decl":{"start":{"line":5,"column":9},"end":{"line":5,"column":23}},"loc":{"start":{"line":5,"column":33},"end":{"line":10,"column":1}},"line":5},"1":{"name":"fetchMedImagesSuccess","decl":{"start":{"line":11,"column":9},"end":{"line":11,"column":30}},"loc":{"start":{"line":11,"column":37},"end":{"line":17,"column":1}},"line":11},"2":{"name":"fetchMedImagesError","decl":{"start":{"line":18,"column":9},"end":{"line":18,"column":28}},"loc":{"start":{"line":18,"column":36},"end":{"line":24,"column":1}},"line":18}},"branchMap":{},"s":{"0":1,"1":3,"2":3,"3":3,"4":3,"5":2},"f":{"0":1,"1":3,"2":3},"b":{},"_coverageSchema":"1a1c01bbd47fc00a2c39e90264f33305004495a9","hash":"e967952dfcbd8e1656b025cb6eb755e957cc65fa"}
,"/home/nineleaps/Desktop/medicine_adherence_frnt-CQI/src/redux/actions/adherence/syncHistoryActions.js": {"path":"/home/nineleaps/Desktop/medicine_adherence_frnt-CQI/src/redux/actions/adherence/syncHistoryActions.js","statementMap":{"0":{"start":{"line":4,"column":2},"end":{"line":7,"column":4}},"1":{"start":{"line":10,"column":2},"end":{"line":10,"column":26}},"2":{"start":{"line":11,"column":2},"end":{"line":14,"column":4}},"3":{"start":{"line":17,"column":2},"end":{"line":17,"column":28}},"4":{"start":{"line":18,"column":2},"end":{"line":21,"column":4}},"5":{"start":{"line":24,"column":34},"end":{"line":28,"column":1}}},"fnMap":{"0":{"name":"syncHistory","decl":{"start":{"line":3,"column":9},"end":{"line":3,"column":20}},"loc":{"start":{"line":3,"column":29},"end":{"line":8,"column":1}},"line":3},"1":{"name":"syncHitsorySuccess","decl":{"start":{"line":9,"column":9},"end":{"line":9,"column":27}},"loc":{"start":{"line":9,"column":34},"end":{"line":15,"column":1}},"line":9},"2":{"name":"syncHistoryError","decl":{"start":{"line":16,"column":9},"end":{"line":16,"column":25}},"loc":{"start":{"line":16,"column":33},"end":{"line":22,"column":1}},"line":16}},"branchMap":{},"s":{"0":1,"1":3,"2":3,"3":3,"4":3,"5":2},"f":{"0":1,"1":3,"2":3},"b":{},"_coverageSchema":"1a1c01bbd47fc00a2c39e90264f33305004495a9","hash":"3f8e97fe02344547f8c94183521415520dd7d927"}
,"/home/nineleaps/Desktop/medicine_adherence_frnt-CQI/src/redux/actions/adherence/syncMedActions.js": {"path":"/home/nineleaps/Desktop/medicine_adherence_frnt-CQI/src/redux/actions/adherence/syncMedActions.js","statementMap":{"0":{"start":{"line":5,"column":2},"end":{"line":8,"column":4}},"1":{"start":{"line":11,"column":2},"end":{"line":11,"column":26}},"2":{"start":{"line":12,"column":2},"end":{"line":15,"column":4}},"3":{"start":{"line":18,"column":2},"end":{"line":18,"column":28}},"4":{"start":{"line":19,"column":2},"end":{"line":22,"column":4}},"5":{"start":{"line":25,"column":30},"end":{"line":29,"column":1}}},"fnMap":{"0":{"name":"syncMeds","decl":{"start":{"line":4,"column":9},"end":{"line":4,"column":17}},"loc":{"start":{"line":4,"column":27},"end":{"line":9,"column":1}},"line":4},"1":{"name":"syncMedSuccess","decl":{"start":{"line":10,"column":9},"end":{"line":10,"column":23}},"loc":{"start":{"line":10,"column":30},"end":{"line":16,"column":1}},"line":10},"2":{"name":"syncMedsError","decl":{"start":{"line":17,"column":9},"end":{"line":17,"column":22}},"loc":{"start":{"line":17,"column":30},"end":{"line":23,"column":1}},"line":17}},"branchMap":{},"s":{"0":1,"1":3,"2":3,"3":3,"4":3,"5":2},"f":{"0":1,"1":3,"2":3},"b":{},"_coverageSchema":"1a1c01bbd47fc00a2c39e90264f33305004495a9","hash":"4f6cc7b6e8734efecaa9d0b833c9c3bfbadd57f9"}
,"/home/nineleaps/Desktop/medicine_adherence_frnt-CQI/src/redux/actions/caretaker/CaretakerActions.js": {"path":"/home/nineleaps/Desktop/medicine_adherence_frnt-CQI/src/redux/actions/caretaker/CaretakerActions.js","statementMap":{"0":{"start":{"line":5,"column":2},"end":{"line":8,"column":4}},"1":{"start":{"line":11,"column":2},"end":{"line":11,"column":26}},"2":{"start":{"line":12,"column":2},"end":{"line":15,"column":4}},"3":{"start":{"line":18,"column":2},"end":{"line":18,"column":28}},"4":{"start":{"line":19,"column":2},"end":{"line":22,"column":4}},"5":{"start":{"line":25,"column":32},"end":{"line":29,"column":1}}},"fnMap":{"0":{"name":"fetchCaretakers","decl":{"start":{"line":4,"column":24},"end":{"line":4,"column":39}},"loc":{"start":{"line":4,"column":47},"end":{"line":9,"column":1}},"line":4},"1":{"name":"fetchCaretakerssuccess","decl":{"start":{"line":10,"column":9},"end":{"line":10,"column":31}},"loc":{"start":{"line":10,"column":38},"end":{"line":16,"column":1}},"line":10},"2":{"name":"fetchCaretakerserror","decl":{"start":{"line":17,"column":9},"end":{"line":17,"column":29}},"loc":{"start":{"line":17,"column":37},"end":{"line":23,"column":1}},"line":17}},"branchMap":{},"s":{"0":1,"1":3,"2":3,"3":3,"4":3,"5":5},"f":{"0":1,"1":3,"2":3},"b":{},"_coverageSchema":"1a1c01bbd47fc00a2c39e90264f33305004495a9","hash":"dfbd7bd1b3354da81556cfbe0fb7169c195e1835"}
,"/home/nineleaps/Desktop/medicine_adherence_frnt-CQI/src/redux/actions/caretaker/emailCaretakerActions.js": {"path":"/home/nineleaps/Desktop/medicine_adherence_frnt-CQI/src/redux/actions/caretaker/emailCaretakerActions.js","statementMap":{"0":{"start":{"line":4,"column":2},"end":{"line":7,"column":4}},"1":{"start":{"line":10,"column":2},"end":{"line":13,"column":4}},"2":{"start":{"line":16,"column":2},"end":{"line":19,"column":4}},"3":{"start":{"line":22,"column":37},"end":{"line":26,"column":1}}},"fnMap":{"0":{"name":"sendEmail","decl":{"start":{"line":3,"column":9},"end":{"line":3,"column":18}},"loc":{"start":{"line":3,"column":26},"end":{"line":8,"column":1}},"line":3},"1":{"name":"sendEmailSuccess","decl":{"start":{"line":9,"column":9},"end":{"line":9,"column":25}},"loc":{"start":{"line":9,"column":32},"end":{"line":14,"column":1}},"line":9},"2":{"name":"sendEmailFailed","decl":{"start":{"line":15,"column":9},"end":{"line":15,"column":24}},"loc":{"start":{"line":15,"column":32},"end":{"line":20,"column":1}},"line":15}},"branchMap":{},"s":{"0":1,"1":3,"2":3,"3":2},"f":{"0":1,"1":3,"2":3},"b":{},"_coverageSchema":"1a1c01bbd47fc00a2c39e90264f33305004495a9","hash":"b61c60c1c3da6e70de5fbee3467ba5be1a704386"}
,"/home/nineleaps/Desktop/medicine_adherence_frnt-CQI/src/redux/actions/caretaker/reqCaretakerActions.js": {"path":"/home/nineleaps/Desktop/medicine_adherence_frnt-CQI/src/redux/actions/caretaker/reqCaretakerActions.js","statementMap":{"0":{"start":{"line":5,"column":2},"end":{"line":8,"column":4}},"1":{"start":{"line":11,"column":2},"end":{"line":11,"column":26}},"2":{"start":{"line":12,"column":2},"end":{"line":15,"column":4}},"3":{"start":{"line":18,"column":2},"end":{"line":18,"column":28}},"4":{"start":{"line":19,"column":2},"end":{"line":22,"column":4}},"5":{"start":{"line":25,"column":35},"end":{"line":29,"column":1}}},"fnMap":{"0":{"name":"sendReqCaretaker","decl":{"start":{"line":4,"column":9},"end":{"line":4,"column":25}},"loc":{"start":{"line":4,"column":42},"end":{"line":9,"column":1}},"line":4},"1":{"name":"sendReqCaretakerSuccess","decl":{"start":{"line":10,"column":9},"end":{"line":10,"column":32}},"loc":{"start":{"line":10,"column":39},"end":{"line":16,"column":1}},"line":10},"2":{"name":"sendReqCaretakerFailed","decl":{"start":{"line":17,"column":9},"end":{"line":17,"column":31}},"loc":{"start":{"line":17,"column":39},"end":{"line":23,"column":1}},"line":17}},"branchMap":{},"s":{"0":1,"1":3,"2":3,"3":3,"4":3,"5":2},"f":{"0":1,"1":3,"2":3},"b":{},"_coverageSchema":"1a1c01bbd47fc00a2c39e90264f33305004495a9","hash":"d9fafb66af5566a1f9977c24610bfc6f82396d36"}
,"/home/nineleaps/Desktop/medicine_adherence_frnt-CQI/src/redux/actions/caretaker/sendImageActions.js": {"path":"/home/nineleaps/Desktop/medicine_adherence_frnt-CQI/src/redux/actions/caretaker/sendImageActions.js","statementMap":{"0":{"start":{"line":4,"column":2},"end":{"line":7,"column":4}},"1":{"start":{"line":11,"column":2},"end":{"line":14,"column":4}},"2":{"start":{"line":18,"column":2},"end":{"line":21,"column":3}},"3":{"start":{"line":24,"column":32},"end":{"line":28,"column":1}}},"fnMap":{"0":{"name":"sendImageRequest","decl":{"start":{"line":3,"column":9},"end":{"line":3,"column":25}},"loc":{"start":{"line":3,"column":33},"end":{"line":8,"column":1}},"line":3},"1":{"name":"sendImageSuccess","decl":{"start":{"line":10,"column":9},"end":{"line":10,"column":25}},"loc":{"start":{"line":10,"column":32},"end":{"line":15,"column":1}},"line":10},"2":{"name":"sendImageFailed","decl":{"start":{"line":17,"column":9},"end":{"line":17,"column":24}},"loc":{"start":{"line":17,"column":32},"end":{"line":22,"column":1}},"line":17}},"branchMap":{},"s":{"0":1,"1":3,"2":3,"3":2},"f":{"0":1,"1":3,"2":3},"b":{},"_coverageSchema":"1a1c01bbd47fc00a2c39e90264f33305004495a9","hash":"a5629b2f733a71fc03802021f88fb66e5275109e"}
,"/home/nineleaps/Desktop/medicine_adherence_frnt-CQI/src/redux/actions/login/loginActions.js": {"path":"/home/nineleaps/Desktop/medicine_adherence_frnt-CQI/src/redux/actions/login/loginActions.js","statementMap":{"0":{"start":{"line":4,"column":2},"end":{"line":7,"column":4}},"1":{"start":{"line":10,"column":2},"end":{"line":10,"column":40}},"2":{"start":{"line":11,"column":2},"end":{"line":14,"column":4}},"3":{"start":{"line":17,"column":2},"end":{"line":17,"column":37}},"4":{"start":{"line":18,"column":2},"end":{"line":21,"column":4}},"5":{"start":{"line":24,"column":28},"end":{"line":28,"column":1}}},"fnMap":{"0":{"name":"sendLoginRequest","decl":{"start":{"line":3,"column":9},"end":{"line":3,"column":25}},"loc":{"start":{"line":3,"column":34},"end":{"line":8,"column":1}},"line":3},"1":{"name":"LoginSuccess","decl":{"start":{"line":9,"column":9},"end":{"line":9,"column":21}},"loc":{"start":{"line":9,"column":28},"end":{"line":15,"column":1}},"line":9},"2":{"name":"LoginFailure","decl":{"start":{"line":16,"column":9},"end":{"line":16,"column":21}},"loc":{"start":{"line":16,"column":29},"end":{"line":22,"column":1}},"line":16}},"branchMap":{},"s":{"0":1,"1":3,"2":3,"3":3,"4":3,"5":2},"f":{"0":1,"1":3,"2":3},"b":{},"_coverageSchema":"1a1c01bbd47fc00a2c39e90264f33305004495a9","hash":"c9e829cc142c88006d5a9d66041be19f315c1d0f"}
,"/home/nineleaps/Desktop/medicine_adherence_frnt-CQI/src/redux/actions/patient/PatientActions.js": {"path":"/home/nineleaps/Desktop/medicine_adherence_frnt-CQI/src/redux/actions/patient/PatientActions.js","statementMap":{"0":{"start":{"line":4,"column":2},"end":{"line":7,"column":4}},"1":{"start":{"line":10,"column":2},"end":{"line":13,"column":4}},"2":{"start":{"line":16,"column":2},"end":{"line":19,"column":4}},"3":{"start":{"line":22,"column":30},"end":{"line":26,"column":1}}},"fnMap":{"0":{"name":"fetchPatients","decl":{"start":{"line":3,"column":9},"end":{"line":3,"column":22}},"loc":{"start":{"line":3,"column":32},"end":{"line":8,"column":1}},"line":3},"1":{"name":"fetchPatientSuccess","decl":{"start":{"line":9,"column":9},"end":{"line":9,"column":28}},"loc":{"start":{"line":9,"column":35},"end":{"line":14,"column":1}},"line":9},"2":{"name":"fetchPatientError","decl":{"start":{"line":15,"column":9},"end":{"line":15,"column":26}},"loc":{"start":{"line":15,"column":34},"end":{"line":20,"column":1}},"line":15}},"branchMap":{},"s":{"0":1,"1":3,"2":3,"3":5},"f":{"0":1,"1":3,"2":3},"b":{},"_coverageSchema":"1a1c01bbd47fc00a2c39e90264f33305004495a9","hash":"1c63015a5f9db4f5d9186eed5ee1b6e4adafaf1a"}
,"/home/nineleaps/Desktop/medicine_adherence_frnt-CQI/src/redux/actions/patient/PatientProfileActions.js": {"path":"/home/nineleaps/Desktop/medicine_adherence_frnt-CQI/src/redux/actions/patient/PatientProfileActions.js","statementMap":{"0":{"start":{"line":4,"column":2},"end":{"line":7,"column":4}},"1":{"start":{"line":10,"column":2},"end":{"line":13,"column":4}},"2":{"start":{"line":16,"column":2},"end":{"line":19,"column":4}},"3":{"start":{"line":22,"column":37},"end":{"line":26,"column":1}}},"fnMap":{"0":{"name":"fetchPatientDetails","decl":{"start":{"line":3,"column":9},"end":{"line":3,"column":28}},"loc":{"start":{"line":3,"column":38},"end":{"line":8,"column":1}},"line":3},"1":{"name":"fetchPatientDetailsSuccess","decl":{"start":{"line":9,"column":9},"end":{"line":9,"column":35}},"loc":{"start":{"line":9,"column":42},"end":{"line":14,"column":1}},"line":9},"2":{"name":"fetchPatientDetailsError","decl":{"start":{"line":15,"column":9},"end":{"line":15,"column":33}},"loc":{"start":{"line":15,"column":41},"end":{"line":20,"column":1}},"line":15}},"branchMap":{},"s":{"0":1,"1":3,"2":3,"3":2},"f":{"0":1,"1":3,"2":3},"b":{},"_coverageSchema":"1a1c01bbd47fc00a2c39e90264f33305004495a9","hash":"835808c57c4e58a16db86a0f055e2a1a35114649"}
,"/home/nineleaps/Desktop/medicine_adherence_frnt-CQI/src/redux/actions/patient/notifyPatientActions.js": {"path":"/home/nineleaps/Desktop/medicine_adherence_frnt-CQI/src/redux/actions/patient/notifyPatientActions.js","statementMap":{"0":{"start":{"line":4,"column":2},"end":{"line":7,"column":4}},"1":{"start":{"line":10,"column":2},"end":{"line":13,"column":4}},"2":{"start":{"line":16,"column":2},"end":{"line":19,"column":4}},"3":{"start":{"line":22,"column":36},"end":{"line":26,"column":1}}},"fnMap":{"0":{"name":"notifyPatients","decl":{"start":{"line":3,"column":9},"end":{"line":3,"column":23}},"loc":{"start":{"line":3,"column":33},"end":{"line":8,"column":1}},"line":3},"1":{"name":"notifyPatientsSuccess","decl":{"start":{"line":9,"column":9},"end":{"line":9,"column":30}},"loc":{"start":{"line":9,"column":37},"end":{"line":14,"column":1}},"line":9},"2":{"name":"notifyPatientsError","decl":{"start":{"line":15,"column":9},"end":{"line":15,"column":28}},"loc":{"start":{"line":15,"column":36},"end":{"line":20,"column":1}},"line":15}},"branchMap":{},"s":{"0":1,"1":3,"2":3,"3":2},"f":{"0":1,"1":3,"2":3},"b":{},"_coverageSchema":"1a1c01bbd47fc00a2c39e90264f33305004495a9","hash":"4543635fded0b1d341c97f2d79f911a9b591bc0f"}
,"/home/nineleaps/Desktop/medicine_adherence_frnt-CQI/src/redux/actions/patient/patientReqAcceptActions.js": {"path":"/home/nineleaps/Desktop/medicine_adherence_frnt-CQI/src/redux/actions/patient/patientReqAcceptActions.js","statementMap":{"0":{"start":{"line":5,"column":2},"end":{"line":8,"column":4}},"1":{"start":{"line":11,"column":2},"end":{"line":11,"column":26}},"2":{"start":{"line":12,"column":2},"end":{"line":15,"column":4}},"3":{"start":{"line":18,"column":2},"end":{"line":18,"column":28}},"4":{"start":{"line":19,"column":2},"end":{"line":22,"column":4}},"5":{"start":{"line":25,"column":39},"end":{"line":29,"column":1}}},"fnMap":{"0":{"name":"acceptPatientReq","decl":{"start":{"line":4,"column":9},"end":{"line":4,"column":25}},"loc":{"start":{"line":4,"column":41},"end":{"line":9,"column":1}},"line":4},"1":{"name":"acceptPatientReqSuccess","decl":{"start":{"line":10,"column":9},"end":{"line":10,"column":32}},"loc":{"start":{"line":10,"column":39},"end":{"line":16,"column":1}},"line":10},"2":{"name":"acceptPatientReqError","decl":{"start":{"line":17,"column":9},"end":{"line":17,"column":30}},"loc":{"start":{"line":17,"column":38},"end":{"line":23,"column":1}},"line":17}},"branchMap":{},"s":{"0":1,"1":3,"2":3,"3":3,"4":3,"5":2},"f":{"0":1,"1":3,"2":3},"b":{},"_coverageSchema":"1a1c01bbd47fc00a2c39e90264f33305004495a9","hash":"985d795e19c89dab8089ab5ba7ce93107889452a"}
,"/home/nineleaps/Desktop/medicine_adherence_frnt-CQI/src/redux/actions/patient/patientReqActions.js": {"path":"/home/nineleaps/Desktop/medicine_adherence_frnt-CQI/src/redux/actions/patient/patientReqActions.js","statementMap":{"0":{"start":{"line":5,"column":2},"end":{"line":8,"column":4}},"1":{"start":{"line":11,"column":2},"end":{"line":11,"column":26}},"2":{"start":{"line":12,"column":2},"end":{"line":15,"column":4}},"3":{"start":{"line":18,"column":2},"end":{"line":18,"column":28}},"4":{"start":{"line":19,"column":2},"end":{"line":22,"column":4}},"5":{"start":{"line":25,"column":33},"end":{"line":29,"column":1}}},"fnMap":{"0":{"name":"fetchPatientReq","decl":{"start":{"line":4,"column":9},"end":{"line":4,"column":24}},"loc":{"start":{"line":4,"column":34},"end":{"line":9,"column":1}},"line":4},"1":{"name":"fetchPatientReqSuccess","decl":{"start":{"line":10,"column":9},"end":{"line":10,"column":31}},"loc":{"start":{"line":10,"column":38},"end":{"line":16,"column":1}},"line":10},"2":{"name":"fetchPatientReqError","decl":{"start":{"line":17,"column":9},"end":{"line":17,"column":29}},"loc":{"start":{"line":17,"column":37},"end":{"line":23,"column":1}},"line":17}},"branchMap":{},"s":{"0":1,"1":3,"2":3,"3":3,"4":3,"5":2},"f":{"0":1,"1":3,"2":3},"b":{},"_coverageSchema":"1a1c01bbd47fc00a2c39e90264f33305004495a9","hash":"6110fcd0e0d9f02d27b05555e2bb68aa175192e4"}
,"/home/nineleaps/Desktop/medicine_adherence_frnt-CQI/src/redux/actions/patient/patientReqDeleteActions.js": {"path":"/home/nineleaps/Desktop/medicine_adherence_frnt-CQI/src/redux/actions/patient/patientReqDeleteActions.js","statementMap":{"0":{"start":{"line":5,"column":2},"end":{"line":8,"column":4}},"1":{"start":{"line":11,"column":2},"end":{"line":11,"column":26}},"2":{"start":{"line":12,"column":2},"end":{"line":15,"column":4}},"3":{"start":{"line":18,"column":2},"end":{"line":18,"column":28}},"4":{"start":{"line":19,"column":2},"end":{"line":22,"column":4}},"5":{"start":{"line":25,"column":39},"end":{"line":29,"column":1}}},"fnMap":{"0":{"name":"deletePatientReq","decl":{"start":{"line":4,"column":9},"end":{"line":4,"column":25}},"loc":{"start":{"line":4,"column":33},"end":{"line":9,"column":1}},"line":4},"1":{"name":"deletePatientReqSuccess","decl":{"start":{"line":10,"column":9},"end":{"line":10,"column":32}},"loc":{"start":{"line":10,"column":39},"end":{"line":16,"column":1}},"line":10},"2":{"name":"deletePatientReqError","decl":{"start":{"line":17,"column":9},"end":{"line":17,"column":30}},"loc":{"start":{"line":17,"column":38},"end":{"line":23,"column":1}},"line":17}},"branchMap":{},"s":{"0":1,"1":3,"2":3,"3":3,"4":3,"5":2},"f":{"0":1,"1":3,"2":3},"b":{},"_coverageSchema":"1a1c01bbd47fc00a2c39e90264f33305004495a9","hash":"fca99be8cee9dd7ea2c3fd3d09f7e08a9b6037c6"}
,"/home/nineleaps/Desktop/medicine_adherence_frnt-CQI/src/redux/actions/profile/ProfileActions.js": {"path":"/home/nineleaps/Desktop/medicine_adherence_frnt-CQI/src/redux/actions/profile/ProfileActions.js","statementMap":{"0":{"start":{"line":5,"column":2},"end":{"line":8,"column":4}},"1":{"start":{"line":11,"column":2},"end":{"line":11,"column":26}},"2":{"start":{"line":12,"column":2},"end":{"line":15,"column":4}},"3":{"start":{"line":18,"column":2},"end":{"line":18,"column":28}},"4":{"start":{"line":19,"column":2},"end":{"line":22,"column":4}},"5":{"start":{"line":25,"column":30},"end":{"line":29,"column":1}}},"fnMap":{"0":{"name":"saveProfile","decl":{"start":{"line":4,"column":9},"end":{"line":4,"column":20}},"loc":{"start":{"line":4,"column":30},"end":{"line":9,"column":1}},"line":4},"1":{"name":"saveProfileSuccess","decl":{"start":{"line":10,"column":9},"end":{"line":10,"column":27}},"loc":{"start":{"line":10,"column":34},"end":{"line":16,"column":1}},"line":10},"2":{"name":"saveProfileFailed","decl":{"start":{"line":17,"column":9},"end":{"line":17,"column":26}},"loc":{"start":{"line":17,"column":34},"end":{"line":23,"column":1}},"line":17}},"branchMap":{},"s":{"0":1,"1":3,"2":3,"3":3,"4":3,"5":2},"f":{"0":1,"1":3,"2":3},"b":{},"_coverageSchema":"1a1c01bbd47fc00a2c39e90264f33305004495a9","hash":"e5601a437a687d4f45694aef856db30d87d79e00"}
,"/home/nineleaps/Desktop/medicine_adherence_frnt-CQI/src/redux/actions/signup/signupActions.js": {"path":"/home/nineleaps/Desktop/medicine_adherence_frnt-CQI/src/redux/actions/signup/signupActions.js","statementMap":{"0":{"start":{"line":4,"column":2},"end":{"line":7,"column":4}},"1":{"start":{"line":10,"column":2},"end":{"line":10,"column":26}},"2":{"start":{"line":11,"column":2},"end":{"line":14,"column":4}},"3":{"start":{"line":17,"column":2},"end":{"line":17,"column":28}},"4":{"start":{"line":18,"column":2},"end":{"line":21,"column":4}},"5":{"start":{"line":24,"column":29},"end":{"line":28,"column":1}}},"fnMap":{"0":{"name":"sendSignupRequest","decl":{"start":{"line":3,"column":9},"end":{"line":3,"column":26}},"loc":{"start":{"line":3,"column":35},"end":{"line":8,"column":1}},"line":3},"1":{"name":"SignupSuccess","decl":{"start":{"line":9,"column":9},"end":{"line":9,"column":22}},"loc":{"start":{"line":9,"column":29},"end":{"line":15,"column":1}},"line":9},"2":{"name":"SignupFailure","decl":{"start":{"line":16,"column":9},"end":{"line":16,"column":22}},"loc":{"start":{"line":16,"column":30},"end":{"line":22,"column":1}},"line":16}},"branchMap":{},"s":{"0":1,"1":3,"2":3,"3":3,"4":3,"5":2},"f":{"0":1,"1":3,"2":3},"b":{},"_coverageSchema":"1a1c01bbd47fc00a2c39e90264f33305004495a9","hash":"aacb7f69e4cbfc01c8d999e871a893a4caff8295"}
,"/home/nineleaps/Desktop/medicine_adherence_frnt-CQI/src/redux/apis/access.js": {"path":"/home/nineleaps/Desktop/medicine_adherence_frnt-CQI/src/redux/apis/access.js","statementMap":{"0":{"start":{"line":2,"column":26},"end":{"line":36,"column":1}},"1":{"start":{"line":4,"column":30},"end":{"line":4,"column":36}},"2":{"start":{"line":5,"column":14},"end":{"line":5,"column":38}},"3":{"start":{"line":6,"column":4},"end":{"line":6,"column":47}},"4":{"start":{"line":7,"column":4},"end":{"line":7,"column":60}},"5":{"start":{"line":9,"column":21},"end":{"line":18,"column":6}},"6":{"start":{"line":19,"column":4},"end":{"line":19,"column":20}},"7":{"start":{"line":22,"column":30},"end":{"line":22,"column":36}},"8":{"start":{"line":23,"column":14},"end":{"line":23,"column":37}},"9":{"start":{"line":24,"column":21},"end":{"line":33,"column":6}},"10":{"start":{"line":34,"column":4},"end":{"line":34,"column":20}}},"fnMap":{"0":{"name":"(anonymous_0)","decl":{"start":{"line":3,"column":10},"end":{"line":3,"column":11}},"loc":{"start":{"line":3,"column":28},"end":{"line":20,"column":3}},"line":3},"1":{"name":"(anonymous_1)","decl":{"start":{"line":21,"column":13},"end":{"line":21,"column":14}},"loc":{"start":{"line":21,"column":31},"end":{"line":35,"column":3}},"line":21}},"branchMap":{},"s":{"0":3,"1":0,"2":0,"3":0,"4":0,"5":0,"6":0,"7":0,"8":0,"9":0,"10":0},"f":{"0":0,"1":0},"b":{},"_coverageSchema":"1a1c01bbd47fc00a2c39e90264f33305004495a9","hash":"6b0809e839b32e6f960ba9898fbd67b8cd8af141"}
,"/home/nineleaps/Desktop/medicine_adherence_frnt-CQI/src/redux/apis/adherence.js": {"path":"/home/nineleaps/Desktop/medicine_adherence_frnt-CQI/src/redux/apis/adherence.js","statementMap":{"0":{"start":{"line":4,"column":18},"end":{"line":33,"column":1}},"1":{"start":{"line":6,"column":32},"end":{"line":6,"column":38}},"2":{"start":{"line":7,"column":19},"end":{"line":13,"column":6}},"3":{"start":{"line":14,"column":4},"end":{"line":14,"column":20}},"4":{"start":{"line":17,"column":21},"end":{"line":17,"column":79}},"5":{"start":{"line":18,"column":4},"end":{"line":18,"column":25}},"6":{"start":{"line":21,"column":21},"end":{"line":21,"column":81}},"7":{"start":{"line":22,"column":4},"end":{"line":22,"column":25}},"8":{"start":{"line":25,"column":21},"end":{"line":25,"column":72}},"9":{"start":{"line":26,"column":4},"end":{"line":26,"column":25}},"10":{"start":{"line":29,"column":21},"end":{"line":29,"column":84}},"11":{"start":{"line":30,"column":4},"end":{"line":30,"column":25}}},"fnMap":{"0":{"name":"(anonymous_0)","decl":{"start":{"line":5,"column":23},"end":{"line":5,"column":24}},"loc":{"start":{"line":5,"column":41},"end":{"line":15,"column":3}},"line":5},"1":{"name":"fetchmedimages","decl":{"start":{"line":16,"column":28},"end":{"line":16,"column":42}},"loc":{"start":{"line":16,"column":52},"end":{"line":19,"column":3}},"line":16},"2":{"name":"downloadPdf","decl":{"start":{"line":20,"column":30},"end":{"line":20,"column":41}},"loc":{"start":{"line":20,"column":51},"end":{"line":23,"column":3}},"line":20},"3":{"name":"syncMeds","decl":{"start":{"line":24,"column":27},"end":{"line":24,"column":35}},"loc":{"start":{"line":24,"column":45},"end":{"line":27,"column":3}},"line":24},"4":{"name":"getMedHistory","decl":{"start":{"line":28,"column":32},"end":{"line":28,"column":45}},"loc":{"start":{"line":28,"column":55},"end":{"line":31,"column":3}},"line":28}},"branchMap":{},"s":{"0":7,"1":1,"2":1,"3":0,"4":1,"5":1,"6":1,"7":1,"8":1,"9":1,"10":1,"11":1},"f":{"0":1,"1":1,"2":1,"3":1,"4":1},"b":{},"_coverageSchema":"1a1c01bbd47fc00a2c39e90264f33305004495a9","hash":"0d126d4d39ea53140059c9d3b528e40872687a3a"}
,"/home/nineleaps/Desktop/medicine_adherence_frnt-CQI/src/redux/apis/axios.js": {"path":"/home/nineleaps/Desktop/medicine_adherence_frnt-CQI/src/redux/apis/axios.js","statementMap":{"0":{"start":{"line":4,"column":14},"end":{"line":7,"column":2}}},"fnMap":{},"branchMap":{},"s":{"0":21},"f":{},"b":{},"_coverageSchema":"1a1c01bbd47fc00a2c39e90264f33305004495a9","hash":"4c2b3cdbe25a842e2831f3065939c46974194945"}
,"/home/nineleaps/Desktop/medicine_adherence_frnt-CQI/src/redux/apis/careTaker.js": {"path":"/home/nineleaps/Desktop/medicine_adherence_frnt-CQI/src/redux/apis/careTaker.js","statementMap":{"0":{"start":{"line":3,"column":25},"end":{"line":26,"column":1}},"1":{"start":{"line":5,"column":21},"end":{"line":7,"column":5}},"2":{"start":{"line":8,"column":4},"end":{"line":8,"column":25}},"3":{"start":{"line":11,"column":21},"end":{"line":13,"column":5}},"4":{"start":{"line":14,"column":4},"end":{"line":14,"column":25}},"5":{"start":{"line":17,"column":21},"end":{"line":17,"column":68}},"6":{"start":{"line":18,"column":4},"end":{"line":18,"column":25}},"7":{"start":{"line":21,"column":21},"end":{"line":23,"column":5}},"8":{"start":{"line":24,"column":4},"end":{"line":24,"column":25}}},"fnMap":{"0":{"name":"name","decl":{"start":{"line":4,"column":33},"end":{"line":4,"column":37}},"loc":{"start":{"line":4,"column":47},"end":{"line":9,"column":3}},"line":4},"1":{"name":"fetchcaretaker","decl":{"start":{"line":10,"column":28},"end":{"line":10,"column":42}},"loc":{"start":{"line":10,"column":52},"end":{"line":15,"column":3}},"line":10},"2":{"name":"reqcaretaker","decl":{"start":{"line":16,"column":31},"end":{"line":16,"column":43}},"loc":{"start":{"line":16,"column":53},"end":{"line":19,"column":3}},"line":16},"3":{"name":"sendimages","decl":{"start":{"line":20,"column":28},"end":{"line":20,"column":38}},"loc":{"start":{"line":20,"column":48},"end":{"line":25,"column":3}},"line":20}},"branchMap":{},"s":{"0":5,"1":1,"2":1,"3":1,"4":1,"5":1,"6":1,"7":1,"8":1},"f":{"0":1,"1":1,"2":1,"3":1},"b":{},"_coverageSchema":"1a1c01bbd47fc00a2c39e90264f33305004495a9","hash":"a488333b2d3a5d1f44a9a2722d21ea9258aaf647"}
,"/home/nineleaps/Desktop/medicine_adherence_frnt-CQI/src/redux/apis/patient.js": {"path":"/home/nineleaps/Desktop/medicine_adherence_frnt-CQI/src/redux/apis/patient.js","statementMap":{"0":{"start":{"line":3,"column":23},"end":{"line":28,"column":1}},"1":{"start":{"line":5,"column":21},"end":{"line":5,"column":86}},"2":{"start":{"line":6,"column":4},"end":{"line":6,"column":25}},"3":{"start":{"line":9,"column":21},"end":{"line":9,"column":85}},"4":{"start":{"line":10,"column":4},"end":{"line":10,"column":25}},"5":{"start":{"line":13,"column":21},"end":{"line":13,"column":81}},"6":{"start":{"line":14,"column":4},"end":{"line":14,"column":25}},"7":{"start":{"line":17,"column":21},"end":{"line":17,"column":62}},"8":{"start":{"line":18,"column":4},"end":{"line":18,"column":25}},"9":{"start":{"line":21,"column":21},"end":{"line":21,"column":62}},"10":{"start":{"line":22,"column":4},"end":{"line":22,"column":25}},"11":{"start":{"line":25,"column":21},"end":{"line":25,"column":85}},"12":{"start":{"line":26,"column":4},"end":{"line":26,"column":25}}},"fnMap":{"0":{"name":"fetchPatient","decl":{"start":{"line":4,"column":30},"end":{"line":4,"column":42}},"loc":{"start":{"line":4,"column":52},"end":{"line":7,"column":3}},"line":4},"1":{"name":"fetchpatientdetail","decl":{"start":{"line":8,"column":33},"end":{"line":8,"column":51}},"loc":{"start":{"line":8,"column":61},"end":{"line":11,"column":3}},"line":8},"2":{"name":"fetchpatientreq","decl":{"start":{"line":12,"column":29},"end":{"line":12,"column":44}},"loc":{"start":{"line":12,"column":54},"end":{"line":15,"column":3}},"line":12},"3":{"name":"fetchpatientreqaccept","decl":{"start":{"line":16,"column":28},"end":{"line":16,"column":49}},"loc":{"start":{"line":16,"column":59},"end":{"line":19,"column":3}},"line":16},"4":{"name":"fetchpatientreqdelete","decl":{"start":{"line":20,"column":28},"end":{"line":20,"column":49}},"loc":{"start":{"line":20,"column":59},"end":{"line":23,"column":3}},"line":20},"5":{"name":"notifypatient","decl":{"start":{"line":24,"column":32},"end":{"line":24,"column":45}},"loc":{"start":{"line":24,"column":55},"end":{"line":27,"column":3}},"line":24}},"branchMap":{},"s":{"0":7,"1":1,"2":1,"3":2,"4":2,"5":1,"6":1,"7":1,"8":1,"9":1,"10":1,"11":1,"12":1},"f":{"0":1,"1":2,"2":1,"3":1,"4":1,"5":1},"b":{},"_coverageSchema":"1a1c01bbd47fc00a2c39e90264f33305004495a9","hash":"895ae2cef37ed970ea0f0c1cf90f77a76b321165"}
,"/home/nineleaps/Desktop/medicine_adherence_frnt-CQI/src/redux/apis/profile.js": {"path":"/home/nineleaps/Desktop/medicine_adherence_frnt-CQI/src/redux/apis/profile.js","statementMap":{"0":{"start":{"line":3,"column":23},"end":{"line":8,"column":1}},"1":{"start":{"line":5,"column":25},"end":{"line":5,"column":86}},"2":{"start":{"line":6,"column":8},"end":{"line":6,"column":29}}},"fnMap":{"0":{"name":"saveprofile","decl":{"start":{"line":4,"column":32},"end":{"line":4,"column":43}},"loc":{"start":{"line":4,"column":53},"end":{"line":7,"column":7}},"line":4}},"branchMap":{},"s":{"0":2,"1":1,"2":1},"f":{"0":1},"b":{},"_coverageSchema":"1a1c01bbd47fc00a2c39e90264f33305004495a9","hash":"8f34746227704dc82ca6138bb9706daadffe688b"}
,"/home/nineleaps/Desktop/medicine_adherence_frnt-CQI/src/redux/reducers/adherence/downloadPdfReducer.js": {"path":"/home/nineleaps/Desktop/medicine_adherence_frnt-CQI/src/redux/reducers/adherence/downloadPdfReducer.js","statementMap":{"0":{"start":{"line":2,"column":28},"end":{"line":6,"column":1}},"1":{"start":{"line":7,"column":27},"end":{"line":18,"column":1}},"2":{"start":{"line":8,"column":2},"end":{"line":17,"column":3}},"3":{"start":{"line":10,"column":6},"end":{"line":10,"column":54}},"4":{"start":{"line":12,"column":6},"end":{"line":12,"column":62}},"5":{"start":{"line":14,"column":6},"end":{"line":14,"column":61}},"6":{"start":{"line":16,"column":6},"end":{"line":16,"column":26}}},"fnMap":{"0":{"name":"(anonymous_0)","decl":{"start":{"line":7,"column":27},"end":{"line":7,"column":28}},"loc":{"start":{"line":7,"column":61},"end":{"line":18,"column":1}},"line":7}},"branchMap":{"0":{"loc":{"start":{"line":7,"column":28},"end":{"line":7,"column":48}},"type":"default-arg","locations":[{"start":{"line":7,"column":36},"end":{"line":7,"column":48}}],"line":7},"1":{"loc":{"start":{"line":8,"column":2},"end":{"line":17,"column":3}},"type":"switch","locations":[{"start":{"line":9,"column":4},"end":{"line":10,"column":54}},{"start":{"line":11,"column":4},"end":{"line":12,"column":62}},{"start":{"line":13,"column":4},"end":{"line":14,"column":61}},{"start":{"line":15,"column":4},"end":{"line":16,"column":26}}],"line":8}},"s":{"0":1,"1":1,"2":4,"3":1,"4":1,"5":1,"6":1},"f":{"0":4},"b":{"0":[1],"1":[1,1,1,1]},"_coverageSchema":"1a1c01bbd47fc00a2c39e90264f33305004495a9","hash":"c542e07b9f353a8e86de5c07c2e54bd914745719"}
,"/home/nineleaps/Desktop/medicine_adherence_frnt-CQI/src/redux/reducers/adherence/getMedHistoryReducer.js": {"path":"/home/nineleaps/Desktop/medicine_adherence_frnt-CQI/src/redux/reducers/adherence/getMedHistoryReducer.js","statementMap":{"0":{"start":{"line":2,"column":28},"end":{"line":6,"column":1}},"1":{"start":{"line":7,"column":29},"end":{"line":18,"column":1}},"2":{"start":{"line":8,"column":2},"end":{"line":17,"column":3}},"3":{"start":{"line":10,"column":6},"end":{"line":10,"column":54}},"4":{"start":{"line":12,"column":6},"end":{"line":12,"column":62}},"5":{"start":{"line":14,"column":6},"end":{"line":14,"column":61}},"6":{"start":{"line":16,"column":6},"end":{"line":16,"column":26}}},"fnMap":{"0":{"name":"(anonymous_0)","decl":{"start":{"line":7,"column":29},"end":{"line":7,"column":30}},"loc":{"start":{"line":7,"column":63},"end":{"line":18,"column":1}},"line":7}},"branchMap":{"0":{"loc":{"start":{"line":7,"column":30},"end":{"line":7,"column":50}},"type":"default-arg","locations":[{"start":{"line":7,"column":38},"end":{"line":7,"column":50}}],"line":7},"1":{"loc":{"start":{"line":8,"column":2},"end":{"line":17,"column":3}},"type":"switch","locations":[{"start":{"line":9,"column":4},"end":{"line":10,"column":54}},{"start":{"line":11,"column":4},"end":{"line":12,"column":62}},{"start":{"line":13,"column":4},"end":{"line":14,"column":61}},{"start":{"line":15,"column":4},"end":{"line":16,"column":26}}],"line":8}},"s":{"0":1,"1":1,"2":4,"3":1,"4":1,"5":1,"6":1},"f":{"0":4},"b":{"0":[1],"1":[1,1,1,1]},"_coverageSchema":"1a1c01bbd47fc00a2c39e90264f33305004495a9","hash":"a137635d72302bed30c48b7b3497de6a38cfa4b2"}
,"/home/nineleaps/Desktop/medicine_adherence_frnt-CQI/src/redux/reducers/adherence/medImagesReducer.js": {"path":"/home/nineleaps/Desktop/medicine_adherence_frnt-CQI/src/redux/reducers/adherence/medImagesReducer.js","statementMap":{"0":{"start":{"line":2,"column":28},"end":{"line":6,"column":1}},"1":{"start":{"line":7,"column":25},"end":{"line":18,"column":1}},"2":{"start":{"line":8,"column":2},"end":{"line":17,"column":3}},"3":{"start":{"line":10,"column":6},"end":{"line":10,"column":54}},"4":{"start":{"line":12,"column":6},"end":{"line":12,"column":62}},"5":{"start":{"line":14,"column":6},"end":{"line":14,"column":61}},"6":{"start":{"line":16,"column":6},"end":{"line":16,"column":26}}},"fnMap":{"0":{"name":"(anonymous_0)","decl":{"start":{"line":7,"column":25},"end":{"line":7,"column":26}},"loc":{"start":{"line":7,"column":59},"end":{"line":18,"column":1}},"line":7}},"branchMap":{"0":{"loc":{"start":{"line":7,"column":26},"end":{"line":7,"column":46}},"type":"default-arg","locations":[{"start":{"line":7,"column":34},"end":{"line":7,"column":46}}],"line":7},"1":{"loc":{"start":{"line":8,"column":2},"end":{"line":17,"column":3}},"type":"switch","locations":[{"start":{"line":9,"column":4},"end":{"line":10,"column":54}},{"start":{"line":11,"column":4},"end":{"line":12,"column":62}},{"start":{"line":13,"column":4},"end":{"line":14,"column":61}},{"start":{"line":15,"column":4},"end":{"line":16,"column":26}}],"line":8}},"s":{"0":1,"1":1,"2":4,"3":1,"4":1,"5":1,"6":1},"f":{"0":4},"b":{"0":[1],"1":[1,1,1,1]},"_coverageSchema":"1a1c01bbd47fc00a2c39e90264f33305004495a9","hash":"c93fd9aa1ecf68d5575e265f57f1e457f9ce0c6b"}
,"/home/nineleaps/Desktop/medicine_adherence_frnt-CQI/src/redux/reducers/adherence/syncHistoryReducer.js": {"path":"/home/nineleaps/Desktop/medicine_adherence_frnt-CQI/src/redux/reducers/adherence/syncHistoryReducer.js","statementMap":{"0":{"start":{"line":2,"column":28},"end":{"line":6,"column":1}},"1":{"start":{"line":7,"column":27},"end":{"line":18,"column":1}},"2":{"start":{"line":8,"column":2},"end":{"line":17,"column":3}},"3":{"start":{"line":10,"column":6},"end":{"line":10,"column":54}},"4":{"start":{"line":12,"column":6},"end":{"line":12,"column":62}},"5":{"start":{"line":14,"column":6},"end":{"line":14,"column":61}},"6":{"start":{"line":16,"column":6},"end":{"line":16,"column":26}}},"fnMap":{"0":{"name":"(anonymous_0)","decl":{"start":{"line":7,"column":27},"end":{"line":7,"column":28}},"loc":{"start":{"line":7,"column":61},"end":{"line":18,"column":1}},"line":7}},"branchMap":{"0":{"loc":{"start":{"line":7,"column":28},"end":{"line":7,"column":48}},"type":"default-arg","locations":[{"start":{"line":7,"column":36},"end":{"line":7,"column":48}}],"line":7},"1":{"loc":{"start":{"line":8,"column":2},"end":{"line":17,"column":3}},"type":"switch","locations":[{"start":{"line":9,"column":4},"end":{"line":10,"column":54}},{"start":{"line":11,"column":4},"end":{"line":12,"column":62}},{"start":{"line":13,"column":4},"end":{"line":14,"column":61}},{"start":{"line":15,"column":4},"end":{"line":16,"column":26}}],"line":8}},"s":{"0":1,"1":1,"2":4,"3":1,"4":1,"5":1,"6":1},"f":{"0":4},"b":{"0":[1],"1":[1,1,1,1]},"_coverageSchema":"1a1c01bbd47fc00a2c39e90264f33305004495a9","hash":"841e52fff51e26d1f133ae975c1440c27f1d862b"}
,"/home/nineleaps/Desktop/medicine_adherence_frnt-CQI/src/redux/reducers/adherence/syncMedReducers.js": {"path":"/home/nineleaps/Desktop/medicine_adherence_frnt-CQI/src/redux/reducers/adherence/syncMedReducers.js","statementMap":{"0":{"start":{"line":2,"column":28},"end":{"line":6,"column":1}},"1":{"start":{"line":7,"column":24},"end":{"line":18,"column":1}},"2":{"start":{"line":8,"column":2},"end":{"line":17,"column":3}},"3":{"start":{"line":10,"column":6},"end":{"line":10,"column":54}},"4":{"start":{"line":12,"column":6},"end":{"line":12,"column":62}},"5":{"start":{"line":14,"column":6},"end":{"line":14,"column":61}},"6":{"start":{"line":16,"column":6},"end":{"line":16,"column":26}}},"fnMap":{"0":{"name":"(anonymous_0)","decl":{"start":{"line":7,"column":24},"end":{"line":7,"column":25}},"loc":{"start":{"line":7,"column":58},"end":{"line":18,"column":1}},"line":7}},"branchMap":{"0":{"loc":{"start":{"line":7,"column":25},"end":{"line":7,"column":45}},"type":"default-arg","locations":[{"start":{"line":7,"column":33},"end":{"line":7,"column":45}}],"line":7},"1":{"loc":{"start":{"line":8,"column":2},"end":{"line":17,"column":3}},"type":"switch","locations":[{"start":{"line":9,"column":4},"end":{"line":10,"column":54}},{"start":{"line":11,"column":4},"end":{"line":12,"column":62}},{"start":{"line":13,"column":4},"end":{"line":14,"column":61}},{"start":{"line":15,"column":4},"end":{"line":16,"column":26}}],"line":8}},"s":{"0":1,"1":1,"2":4,"3":1,"4":1,"5":1,"6":1},"f":{"0":4},"b":{"0":[1],"1":[1,1,1,1]},"_coverageSchema":"1a1c01bbd47fc00a2c39e90264f33305004495a9","hash":"c497706ac360e21a1418903693e7462a8d4b2155"}
,"/home/nineleaps/Desktop/medicine_adherence_frnt-CQI/src/redux/reducers/caretaker/CareTakerReducer.js": {"path":"/home/nineleaps/Desktop/medicine_adherence_frnt-CQI/src/redux/reducers/caretaker/CareTakerReducer.js","statementMap":{"0":{"start":{"line":2,"column":28},"end":{"line":6,"column":1}},"1":{"start":{"line":7,"column":25},"end":{"line":18,"column":1}},"2":{"start":{"line":8,"column":2},"end":{"line":17,"column":3}},"3":{"start":{"line":10,"column":6},"end":{"line":10,"column":54}},"4":{"start":{"line":12,"column":6},"end":{"line":12,"column":62}},"5":{"start":{"line":14,"column":6},"end":{"line":14,"column":61}},"6":{"start":{"line":16,"column":6},"end":{"line":16,"column":26}}},"fnMap":{"0":{"name":"(anonymous_0)","decl":{"start":{"line":7,"column":25},"end":{"line":7,"column":26}},"loc":{"start":{"line":7,"column":59},"end":{"line":18,"column":1}},"line":7}},"branchMap":{"0":{"loc":{"start":{"line":7,"column":26},"end":{"line":7,"column":46}},"type":"default-arg","locations":[{"start":{"line":7,"column":34},"end":{"line":7,"column":46}}],"line":7},"1":{"loc":{"start":{"line":8,"column":2},"end":{"line":17,"column":3}},"type":"switch","locations":[{"start":{"line":9,"column":4},"end":{"line":10,"column":54}},{"start":{"line":11,"column":4},"end":{"line":12,"column":62}},{"start":{"line":13,"column":4},"end":{"line":14,"column":61}},{"start":{"line":15,"column":4},"end":{"line":16,"column":26}}],"line":8}},"s":{"0":1,"1":1,"2":4,"3":1,"4":1,"5":1,"6":1},"f":{"0":4},"b":{"0":[1],"1":[1,1,1,1]},"_coverageSchema":"1a1c01bbd47fc00a2c39e90264f33305004495a9","hash":"3b6f5937be0c83bd80b296968c8f99d63de486cf"}
,"/home/nineleaps/Desktop/medicine_adherence_frnt-CQI/src/redux/reducers/caretaker/emailCaretakerReducer.js": {"path":"/home/nineleaps/Desktop/medicine_adherence_frnt-CQI/src/redux/reducers/caretaker/emailCaretakerReducer.js","statementMap":{"0":{"start":{"line":2,"column":28},"end":{"line":6,"column":1}},"1":{"start":{"line":7,"column":30},"end":{"line":18,"column":1}},"2":{"start":{"line":8,"column":2},"end":{"line":17,"column":3}},"3":{"start":{"line":10,"column":6},"end":{"line":10,"column":54}},"4":{"start":{"line":12,"column":6},"end":{"line":12,"column":62}},"5":{"start":{"line":14,"column":6},"end":{"line":14,"column":61}},"6":{"start":{"line":16,"column":6},"end":{"line":16,"column":26}}},"fnMap":{"0":{"name":"(anonymous_0)","decl":{"start":{"line":7,"column":30},"end":{"line":7,"column":31}},"loc":{"start":{"line":7,"column":64},"end":{"line":18,"column":1}},"line":7}},"branchMap":{"0":{"loc":{"start":{"line":7,"column":31},"end":{"line":7,"column":51}},"type":"default-arg","locations":[{"start":{"line":7,"column":39},"end":{"line":7,"column":51}}],"line":7},"1":{"loc":{"start":{"line":8,"column":2},"end":{"line":17,"column":3}},"type":"switch","locations":[{"start":{"line":9,"column":4},"end":{"line":10,"column":54}},{"start":{"line":11,"column":4},"end":{"line":12,"column":62}},{"start":{"line":13,"column":4},"end":{"line":14,"column":61}},{"start":{"line":15,"column":4},"end":{"line":16,"column":26}}],"line":8}},"s":{"0":1,"1":1,"2":4,"3":1,"4":1,"5":1,"6":1},"f":{"0":4},"b":{"0":[1],"1":[1,1,1,1]},"_coverageSchema":"1a1c01bbd47fc00a2c39e90264f33305004495a9","hash":"c9ccf366e4d250bf74eae8f01b643b192dc0e609"}
,"/home/nineleaps/Desktop/medicine_adherence_frnt-CQI/src/redux/reducers/caretaker/reqCaretakerReducer.js": {"path":"/home/nineleaps/Desktop/medicine_adherence_frnt-CQI/src/redux/reducers/caretaker/reqCaretakerReducer.js","statementMap":{"0":{"start":{"line":2,"column":28},"end":{"line":6,"column":1}},"1":{"start":{"line":7,"column":28},"end":{"line":18,"column":1}},"2":{"start":{"line":8,"column":2},"end":{"line":17,"column":3}},"3":{"start":{"line":10,"column":6},"end":{"line":10,"column":54}},"4":{"start":{"line":12,"column":6},"end":{"line":12,"column":62}},"5":{"start":{"line":14,"column":6},"end":{"line":14,"column":61}},"6":{"start":{"line":16,"column":6},"end":{"line":16,"column":26}}},"fnMap":{"0":{"name":"(anonymous_0)","decl":{"start":{"line":7,"column":28},"end":{"line":7,"column":29}},"loc":{"start":{"line":7,"column":62},"end":{"line":18,"column":1}},"line":7}},"branchMap":{"0":{"loc":{"start":{"line":7,"column":29},"end":{"line":7,"column":49}},"type":"default-arg","locations":[{"start":{"line":7,"column":37},"end":{"line":7,"column":49}}],"line":7},"1":{"loc":{"start":{"line":8,"column":2},"end":{"line":17,"column":3}},"type":"switch","locations":[{"start":{"line":9,"column":4},"end":{"line":10,"column":54}},{"start":{"line":11,"column":4},"end":{"line":12,"column":62}},{"start":{"line":13,"column":4},"end":{"line":14,"column":61}},{"start":{"line":15,"column":4},"end":{"line":16,"column":26}}],"line":8}},"s":{"0":1,"1":1,"2":4,"3":1,"4":1,"5":1,"6":1},"f":{"0":4},"b":{"0":[1],"1":[1,1,1,1]},"_coverageSchema":"1a1c01bbd47fc00a2c39e90264f33305004495a9","hash":"aa731c47d4973fc96914a0edb108aede7258a290"}
,"/home/nineleaps/Desktop/medicine_adherence_frnt-CQI/src/redux/reducers/caretaker/sendImageReducers.js": {"path":"/home/nineleaps/Desktop/medicine_adherence_frnt-CQI/src/redux/reducers/caretaker/sendImageReducers.js","statementMap":{"0":{"start":{"line":2,"column":28},"end":{"line":6,"column":1}},"1":{"start":{"line":7,"column":26},"end":{"line":18,"column":1}},"2":{"start":{"line":8,"column":2},"end":{"line":17,"column":3}},"3":{"start":{"line":10,"column":6},"end":{"line":10,"column":54}},"4":{"start":{"line":12,"column":6},"end":{"line":12,"column":62}},"5":{"start":{"line":14,"column":6},"end":{"line":14,"column":61}},"6":{"start":{"line":16,"column":6},"end":{"line":16,"column":26}}},"fnMap":{"0":{"name":"(anonymous_0)","decl":{"start":{"line":7,"column":26},"end":{"line":7,"column":27}},"loc":{"start":{"line":7,"column":60},"end":{"line":18,"column":1}},"line":7}},"branchMap":{"0":{"loc":{"start":{"line":7,"column":27},"end":{"line":7,"column":47}},"type":"default-arg","locations":[{"start":{"line":7,"column":35},"end":{"line":7,"column":47}}],"line":7},"1":{"loc":{"start":{"line":8,"column":2},"end":{"line":17,"column":3}},"type":"switch","locations":[{"start":{"line":9,"column":4},"end":{"line":10,"column":54}},{"start":{"line":11,"column":4},"end":{"line":12,"column":62}},{"start":{"line":13,"column":4},"end":{"line":14,"column":61}},{"start":{"line":15,"column":4},"end":{"line":16,"column":26}}],"line":8}},"s":{"0":1,"1":1,"2":4,"3":1,"4":1,"5":1,"6":1},"f":{"0":4},"b":{"0":[1],"1":[1,1,1,1]},"_coverageSchema":"1a1c01bbd47fc00a2c39e90264f33305004495a9","hash":"03cd4a1365144381042d84f35d4a009664f3f592"}
,"/home/nineleaps/Desktop/medicine_adherence_frnt-CQI/src/redux/reducers/login/loginReducer.js": {"path":"/home/nineleaps/Desktop/medicine_adherence_frnt-CQI/src/redux/reducers/login/loginReducer.js","statementMap":{"0":{"start":{"line":2,"column":28},"end":{"line":6,"column":1}},"1":{"start":{"line":7,"column":21},"end":{"line":18,"column":1}},"2":{"start":{"line":8,"column":2},"end":{"line":17,"column":3}},"3":{"start":{"line":10,"column":6},"end":{"line":10,"column":54}},"4":{"start":{"line":12,"column":6},"end":{"line":12,"column":62}},"5":{"start":{"line":14,"column":6},"end":{"line":14,"column":61}},"6":{"start":{"line":16,"column":6},"end":{"line":16,"column":26}}},"fnMap":{"0":{"name":"(anonymous_0)","decl":{"start":{"line":7,"column":21},"end":{"line":7,"column":22}},"loc":{"start":{"line":7,"column":55},"end":{"line":18,"column":1}},"line":7}},"branchMap":{"0":{"loc":{"start":{"line":7,"column":22},"end":{"line":7,"column":42}},"type":"default-arg","locations":[{"start":{"line":7,"column":30},"end":{"line":7,"column":42}}],"line":7},"1":{"loc":{"start":{"line":8,"column":2},"end":{"line":17,"column":3}},"type":"switch","locations":[{"start":{"line":9,"column":4},"end":{"line":10,"column":54}},{"start":{"line":11,"column":4},"end":{"line":12,"column":62}},{"start":{"line":13,"column":4},"end":{"line":14,"column":61}},{"start":{"line":15,"column":4},"end":{"line":16,"column":26}}],"line":8}},"s":{"0":1,"1":1,"2":4,"3":1,"4":1,"5":1,"6":1},"f":{"0":4},"b":{"0":[1],"1":[1,1,1,1]},"_coverageSchema":"1a1c01bbd47fc00a2c39e90264f33305004495a9","hash":"df887e9f134a2cdda5ff9a476b8f9bed70e5b236"}
,"/home/nineleaps/Desktop/medicine_adherence_frnt-CQI/src/redux/reducers/patient/PatientProfileReducer.js": {"path":"/home/nineleaps/Desktop/medicine_adherence_frnt-CQI/src/redux/reducers/patient/PatientProfileReducer.js","statementMap":{"0":{"start":{"line":2,"column":28},"end":{"line":6,"column":1}},"1":{"start":{"line":7,"column":30},"end":{"line":18,"column":1}},"2":{"start":{"line":8,"column":2},"end":{"line":17,"column":3}},"3":{"start":{"line":10,"column":6},"end":{"line":10,"column":54}},"4":{"start":{"line":12,"column":6},"end":{"line":12,"column":62}},"5":{"start":{"line":14,"column":6},"end":{"line":14,"column":61}},"6":{"start":{"line":16,"column":6},"end":{"line":16,"column":26}}},"fnMap":{"0":{"name":"(anonymous_0)","decl":{"start":{"line":7,"column":30},"end":{"line":7,"column":31}},"loc":{"start":{"line":7,"column":64},"end":{"line":18,"column":1}},"line":7}},"branchMap":{"0":{"loc":{"start":{"line":7,"column":31},"end":{"line":7,"column":51}},"type":"default-arg","locations":[{"start":{"line":7,"column":39},"end":{"line":7,"column":51}}],"line":7},"1":{"loc":{"start":{"line":8,"column":2},"end":{"line":17,"column":3}},"type":"switch","locations":[{"start":{"line":9,"column":4},"end":{"line":10,"column":54}},{"start":{"line":11,"column":4},"end":{"line":12,"column":62}},{"start":{"line":13,"column":4},"end":{"line":14,"column":61}},{"start":{"line":15,"column":4},"end":{"line":16,"column":26}}],"line":8}},"s":{"0":1,"1":1,"2":4,"3":1,"4":1,"5":1,"6":1},"f":{"0":4},"b":{"0":[1],"1":[1,1,1,1]},"_coverageSchema":"1a1c01bbd47fc00a2c39e90264f33305004495a9","hash":"d78b010f3889ecf4d35614989b2b37403e32937c"}
,"/home/nineleaps/Desktop/medicine_adherence_frnt-CQI/src/redux/reducers/patient/PatientReducer.js": {"path":"/home/nineleaps/Desktop/medicine_adherence_frnt-CQI/src/redux/reducers/patient/PatientReducer.js","statementMap":{"0":{"start":{"line":2,"column":28},"end":{"line":6,"column":1}},"1":{"start":{"line":7,"column":23},"end":{"line":18,"column":1}},"2":{"start":{"line":8,"column":2},"end":{"line":17,"column":3}},"3":{"start":{"line":10,"column":6},"end":{"line":10,"column":54}},"4":{"start":{"line":12,"column":6},"end":{"line":12,"column":62}},"5":{"start":{"line":14,"column":6},"end":{"line":14,"column":61}},"6":{"start":{"line":16,"column":6},"end":{"line":16,"column":26}}},"fnMap":{"0":{"name":"(anonymous_0)","decl":{"start":{"line":7,"column":23},"end":{"line":7,"column":24}},"loc":{"start":{"line":7,"column":57},"end":{"line":18,"column":1}},"line":7}},"branchMap":{"0":{"loc":{"start":{"line":7,"column":24},"end":{"line":7,"column":44}},"type":"default-arg","locations":[{"start":{"line":7,"column":32},"end":{"line":7,"column":44}}],"line":7},"1":{"loc":{"start":{"line":8,"column":2},"end":{"line":17,"column":3}},"type":"switch","locations":[{"start":{"line":9,"column":4},"end":{"line":10,"column":54}},{"start":{"line":11,"column":4},"end":{"line":12,"column":62}},{"start":{"line":13,"column":4},"end":{"line":14,"column":61}},{"start":{"line":15,"column":4},"end":{"line":16,"column":26}}],"line":8}},"s":{"0":1,"1":1,"2":4,"3":1,"4":1,"5":1,"6":1},"f":{"0":4},"b":{"0":[1],"1":[1,1,1,1]},"_coverageSchema":"1a1c01bbd47fc00a2c39e90264f33305004495a9","hash":"dc9bad11b1c79ba7cc9fa64e3ec08063db356bca"}
,"/home/nineleaps/Desktop/medicine_adherence_frnt-CQI/src/redux/reducers/patient/notifyPatientReducer.js": {"path":"/home/nineleaps/Desktop/medicine_adherence_frnt-CQI/src/redux/reducers/patient/notifyPatientReducer.js","statementMap":{"0":{"start":{"line":2,"column":28},"end":{"line":6,"column":1}},"1":{"start":{"line":7,"column":29},"end":{"line":18,"column":1}},"2":{"start":{"line":8,"column":2},"end":{"line":17,"column":3}},"3":{"start":{"line":10,"column":6},"end":{"line":10,"column":54}},"4":{"start":{"line":12,"column":6},"end":{"line":12,"column":62}},"5":{"start":{"line":14,"column":6},"end":{"line":14,"column":61}},"6":{"start":{"line":16,"column":6},"end":{"line":16,"column":26}}},"fnMap":{"0":{"name":"(anonymous_0)","decl":{"start":{"line":7,"column":29},"end":{"line":7,"column":30}},"loc":{"start":{"line":7,"column":63},"end":{"line":18,"column":1}},"line":7}},"branchMap":{"0":{"loc":{"start":{"line":7,"column":30},"end":{"line":7,"column":50}},"type":"default-arg","locations":[{"start":{"line":7,"column":38},"end":{"line":7,"column":50}}],"line":7},"1":{"loc":{"start":{"line":8,"column":2},"end":{"line":17,"column":3}},"type":"switch","locations":[{"start":{"line":9,"column":4},"end":{"line":10,"column":54}},{"start":{"line":11,"column":4},"end":{"line":12,"column":62}},{"start":{"line":13,"column":4},"end":{"line":14,"column":61}},{"start":{"line":15,"column":4},"end":{"line":16,"column":26}}],"line":8}},"s":{"0":1,"1":1,"2":4,"3":1,"4":1,"5":1,"6":1},"f":{"0":4},"b":{"0":[1],"1":[1,1,1,1]},"_coverageSchema":"1a1c01bbd47fc00a2c39e90264f33305004495a9","hash":"4d83e7267d13c0ee7a2b14cd36bb7b3501ad8f61"}
,"/home/nineleaps/Desktop/medicine_adherence_frnt-CQI/src/redux/reducers/patient/patientReqAcceptReducer.js": {"path":"/home/nineleaps/Desktop/medicine_adherence_frnt-CQI/src/redux/reducers/patient/patientReqAcceptReducer.js","statementMap":{"0":{"start":{"line":2,"column":28},"end":{"line":6,"column":1}},"1":{"start":{"line":7,"column":32},"end":{"line":18,"column":1}},"2":{"start":{"line":8,"column":2},"end":{"line":17,"column":3}},"3":{"start":{"line":10,"column":6},"end":{"line":10,"column":54}},"4":{"start":{"line":12,"column":6},"end":{"line":12,"column":62}},"5":{"start":{"line":14,"column":6},"end":{"line":14,"column":61}},"6":{"start":{"line":16,"column":6},"end":{"line":16,"column":26}}},"fnMap":{"0":{"name":"(anonymous_0)","decl":{"start":{"line":7,"column":32},"end":{"line":7,"column":33}},"loc":{"start":{"line":7,"column":66},"end":{"line":18,"column":1}},"line":7}},"branchMap":{"0":{"loc":{"start":{"line":7,"column":33},"end":{"line":7,"column":53}},"type":"default-arg","locations":[{"start":{"line":7,"column":41},"end":{"line":7,"column":53}}],"line":7},"1":{"loc":{"start":{"line":8,"column":2},"end":{"line":17,"column":3}},"type":"switch","locations":[{"start":{"line":9,"column":4},"end":{"line":10,"column":54}},{"start":{"line":11,"column":4},"end":{"line":12,"column":62}},{"start":{"line":13,"column":4},"end":{"line":14,"column":61}},{"start":{"line":15,"column":4},"end":{"line":16,"column":26}}],"line":8}},"s":{"0":1,"1":1,"2":4,"3":1,"4":1,"5":1,"6":1},"f":{"0":4},"b":{"0":[1],"1":[1,1,1,1]},"_coverageSchema":"1a1c01bbd47fc00a2c39e90264f33305004495a9","hash":"40d5e941ddea711bea9573211685bb5bbe167328"}
,"/home/nineleaps/Desktop/medicine_adherence_frnt-CQI/src/redux/reducers/patient/patientReqDeleteReducer.js": {"path":"/home/nineleaps/Desktop/medicine_adherence_frnt-CQI/src/redux/reducers/patient/patientReqDeleteReducer.js","statementMap":{"0":{"start":{"line":2,"column":28},"end":{"line":6,"column":1}},"1":{"start":{"line":7,"column":32},"end":{"line":18,"column":1}},"2":{"start":{"line":8,"column":2},"end":{"line":17,"column":3}},"3":{"start":{"line":10,"column":6},"end":{"line":10,"column":54}},"4":{"start":{"line":12,"column":6},"end":{"line":12,"column":62}},"5":{"start":{"line":14,"column":6},"end":{"line":14,"column":61}},"6":{"start":{"line":16,"column":6},"end":{"line":16,"column":26}}},"fnMap":{"0":{"name":"(anonymous_0)","decl":{"start":{"line":7,"column":32},"end":{"line":7,"column":33}},"loc":{"start":{"line":7,"column":66},"end":{"line":18,"column":1}},"line":7}},"branchMap":{"0":{"loc":{"start":{"line":7,"column":33},"end":{"line":7,"column":53}},"type":"default-arg","locations":[{"start":{"line":7,"column":41},"end":{"line":7,"column":53}}],"line":7},"1":{"loc":{"start":{"line":8,"column":2},"end":{"line":17,"column":3}},"type":"switch","locations":[{"start":{"line":9,"column":4},"end":{"line":10,"column":54}},{"start":{"line":11,"column":4},"end":{"line":12,"column":62}},{"start":{"line":13,"column":4},"end":{"line":14,"column":61}},{"start":{"line":15,"column":4},"end":{"line":16,"column":26}}],"line":8}},"s":{"0":1,"1":1,"2":4,"3":1,"4":1,"5":1,"6":1},"f":{"0":4},"b":{"0":[1],"1":[1,1,1,1]},"_coverageSchema":"1a1c01bbd47fc00a2c39e90264f33305004495a9","hash":"f305d3f0c81089c1ba4db593f132176d74d3a575"}
,"/home/nineleaps/Desktop/medicine_adherence_frnt-CQI/src/redux/reducers/patient/patientReqReducers.js": {"path":"/home/nineleaps/Desktop/medicine_adherence_frnt-CQI/src/redux/reducers/patient/patientReqReducers.js","statementMap":{"0":{"start":{"line":2,"column":28},"end":{"line":6,"column":1}},"1":{"start":{"line":7,"column":27},"end":{"line":18,"column":1}},"2":{"start":{"line":8,"column":2},"end":{"line":17,"column":3}},"3":{"start":{"line":10,"column":6},"end":{"line":10,"column":54}},"4":{"start":{"line":12,"column":6},"end":{"line":12,"column":62}},"5":{"start":{"line":14,"column":6},"end":{"line":14,"column":61}},"6":{"start":{"line":16,"column":6},"end":{"line":16,"column":26}}},"fnMap":{"0":{"name":"(anonymous_0)","decl":{"start":{"line":7,"column":27},"end":{"line":7,"column":28}},"loc":{"start":{"line":7,"column":61},"end":{"line":18,"column":1}},"line":7}},"branchMap":{"0":{"loc":{"start":{"line":7,"column":28},"end":{"line":7,"column":48}},"type":"default-arg","locations":[{"start":{"line":7,"column":36},"end":{"line":7,"column":48}}],"line":7},"1":{"loc":{"start":{"line":8,"column":2},"end":{"line":17,"column":3}},"type":"switch","locations":[{"start":{"line":9,"column":4},"end":{"line":10,"column":54}},{"start":{"line":11,"column":4},"end":{"line":12,"column":62}},{"start":{"line":13,"column":4},"end":{"line":14,"column":61}},{"start":{"line":15,"column":4},"end":{"line":16,"column":26}}],"line":8}},"s":{"0":1,"1":1,"2":4,"3":1,"4":1,"5":1,"6":1},"f":{"0":4},"b":{"0":[1],"1":[1,1,1,1]},"_coverageSchema":"1a1c01bbd47fc00a2c39e90264f33305004495a9","hash":"de990974b9001df3eb4f008f279d88e03f7dc2a7"}
,"/home/nineleaps/Desktop/medicine_adherence_frnt-CQI/src/redux/reducers/profile/ProfileReducer.js": {"path":"/home/nineleaps/Desktop/medicine_adherence_frnt-CQI/src/redux/reducers/profile/ProfileReducer.js","statementMap":{"0":{"start":{"line":2,"column":28},"end":{"line":6,"column":1}},"1":{"start":{"line":7,"column":23},"end":{"line":18,"column":1}},"2":{"start":{"line":8,"column":2},"end":{"line":17,"column":3}},"3":{"start":{"line":10,"column":6},"end":{"line":10,"column":54}},"4":{"start":{"line":12,"column":6},"end":{"line":12,"column":62}},"5":{"start":{"line":14,"column":6},"end":{"line":14,"column":61}},"6":{"start":{"line":16,"column":6},"end":{"line":16,"column":26}}},"fnMap":{"0":{"name":"(anonymous_0)","decl":{"start":{"line":7,"column":23},"end":{"line":7,"column":24}},"loc":{"start":{"line":7,"column":57},"end":{"line":18,"column":1}},"line":7}},"branchMap":{"0":{"loc":{"start":{"line":7,"column":24},"end":{"line":7,"column":44}},"type":"default-arg","locations":[{"start":{"line":7,"column":32},"end":{"line":7,"column":44}}],"line":7},"1":{"loc":{"start":{"line":8,"column":2},"end":{"line":17,"column":3}},"type":"switch","locations":[{"start":{"line":9,"column":4},"end":{"line":10,"column":54}},{"start":{"line":11,"column":4},"end":{"line":12,"column":62}},{"start":{"line":13,"column":4},"end":{"line":14,"column":61}},{"start":{"line":15,"column":4},"end":{"line":16,"column":26}}],"line":8}},"s":{"0":1,"1":1,"2":4,"3":1,"4":1,"5":1,"6":1},"f":{"0":4},"b":{"0":[1],"1":[1,1,1,1]},"_coverageSchema":"1a1c01bbd47fc00a2c39e90264f33305004495a9","hash":"b1a7da72c4f50898c799803b2949d722b73ecf55"}
[...]
49}},"19":{"start":{"line":43,"column":4},"end":{"line":43,"column":42}},"20":{"start":{"line":45,"column":4},"end":{"line":50,"column":45}},"21":{"start":{"line":47,"column":7},"end":{"line":47,"column":30}},"22":{"start":{"line":48,"column":8},"end":{"line":48,"column":26}},"23":{"start":{"line":50,"column":20},"end":{"line":50,"column":43}},"24":{"start":{"line":52,"column":20},"end":{"line":62,"column":3}},"25":{"start":{"line":53,"column":14},"end":{"line":53,"column":49}},"26":{"start":{"line":54,"column":4},"end":{"line":54,"column":42}},"27":{"start":{"line":56,"column":4},"end":{"line":61,"column":45}},"28":{"start":{"line":58,"column":7},"end":{"line":58,"column":30}},"29":{"start":{"line":59,"column":8},"end":{"line":59,"column":26}},"30":{"start":{"line":61,"column":20},"end":{"line":61,"column":43}},"31":{"start":{"line":63,"column":2},"end":{"line":129,"column":4}},"32":{"start":{"line":73,"column":10},"end":{"line":118,"column":17}},"33":{"start":{"line":101,"column":22},"end":{"line":101,"column":46}},"34":{"start":{"line":110,"column":22},"end":{"line":110,"column":42}}},"fnMap":{"0":{"name":"(anonymous_0)","decl":{"start":{"line":11,"column":23},"end":{"line":11,"column":24}},"loc":{"start":{"line":11,"column":29},"end":{"line":130,"column":1}},"line":11},"1":{"name":"(anonymous_1)","decl":{"start":{"line":14,"column":26},"end":{"line":14,"column":27}},"loc":{"start":{"line":14,"column":38},"end":{"line":30,"column":3}},"line":14},"2":{"name":"(anonymous_2)","decl":{"start":{"line":17,"column":12},"end":{"line":17,"column":13}},"loc":{"start":{"line":17,"column":19},"end":{"line":17,"column":29}},"line":17},"3":{"name":"(anonymous_3)","decl":{"start":{"line":18,"column":12},"end":{"line":18,"column":13}},"loc":{"start":{"line":18,"column":20},"end":{"line":26,"column":7}},"line":18},"4":{"name":"(anonymous_4)","decl":{"start":{"line":27,"column":13},"end":{"line":27,"column":14}},"loc":{"start":{"line":27,"column":19},"end":{"line":29,"column":7}},"line":27},"5":{"name":"(anonymous_5)","decl":{"start":{"line":33,"column":22},"end":{"line":33,"column":23}},"loc":{"start":{"line":33,"column":28},"end":{"line":39,"column":5}},"line":33},"6":{"name":"(anonymous_6)","decl":{"start":{"line":36,"column":13},"end":{"line":36,"column":14}},"loc":{"start":{"line":36,"column":19},"end":{"line":38,"column":7}},"line":36},"7":{"name":"(anonymous_7)","decl":{"start":{"line":41,"column":24},"end":{"line":41,"column":25}},"loc":{"start":{"line":41,"column":35},"end":{"line":51,"column":3}},"line":41},"8":{"name":"(anonymous_8)","decl":{"start":{"line":46,"column":12},"end":{"line":46,"column":13}},"loc":{"start":{"line":46,"column":19},"end":{"line":49,"column":7}},"line":46},"9":{"name":"(anonymous_9)","decl":{"start":{"line":50,"column":13},"end":{"line":50,"column":14}},"loc":{"start":{"line":50,"column":20},"end":{"line":50,"column":43}},"line":50},"10":{"name":"(anonymous_10)","decl":{"start":{"line":52,"column":20},"end":{"line":52,"column":21}},"loc":{"start":{"line":52,"column":31},"end":{"line":62,"column":3}},"line":52},"11":{"name":"(anonymous_11)","decl":{"start":{"line":57,"column":12},"end":{"line":57,"column":13}},"loc":{"start":{"line":57,"column":19},"end":{"line":60,"column":7}},"line":57},"12":{"name":"(anonymous_12)","decl":{"start":{"line":61,"column":13},"end":{"line":61,"column":14}},"loc":{"start":{"line":61,"column":20},"end":{"line":61,"column":43}},"line":61},"13":{"name":"(anonymous_13)","decl":{"start":{"line":72,"column":20},"end":{"line":72,"column":21}},"loc":{"start":{"line":73,"column":10},"end":{"line":118,"column":17}},"line":73},"14":{"name":"(anonymous_14)","decl":{"start":{"line":100,"column":29},"end":{"line":100,"column":30}},"loc":{"start":{"line":100,"column":35},"end":{"line":102,"column":21}},"line":100},"15":{"name":"(anonymous_15)","decl":{"start":{"line":109,"column":29},"end":{"line":109,"column":30}},"loc":{"start":{"line":109,"column":35},"end":{"line":111,"column":21}},"line":109}},"branchMap":{"0":{"loc":{"start":{"line":20,"column":8},"end":{"line":24,"column":9}},"type":"if","locations":[{"start":{"line":20,"column":8},"end":{"line":24,"column":9}},{"start":{},"end":{}}],"line":20},"1":{"loc":{"start":{"line":120,"column":7},"end":{"line":127,"column":7}},"type":"binary-expr","locations":[{"start":{"line":120,"column":7},"end":{"line":120,"column":28}},{"start":{"line":121,"column":8},"end":{"line":126,"column":15}}],"line":120}},"s":{"0":2,"1":2,"2":2,"3":2,"4":0,"5":0,"6":0,"7":0,"8":0,"9":0,"10":0,"11":0,"12":0,"13":0,"14":2,"15":0,"16":0,"17":2,"18":0,"19":0,"20":0,"21":0,"22":0,"23":0,"24":2,"25":0,"26":0,"27":0,"28":0,"29":0,"30":0,"31":2,"32":0,"33":0,"34":0},"f":{"0":2,"1":0,"2":0,"3":0,"4":0,"5":0,"6":0,"7":0,"8":0,"9":0,"10":0,"11":0,"12":0,"13":0,"14":0,"15":0},"b":{"0":[0,0],"1":[2,2]},"_coverageSchema":"1a1c01bbd47fc00a2c39e90264f33305004495a9","hash":"594f0a8d87e4bfa0c78818da0edbc4e591200fdb"}
,"/home/nineleaps/Desktop/medicine_adherence_frnt-CQI/src/screens/patient/patientStyles/MedicineImagesStyles.js": {"path":"/home/nineleaps/Desktop/medicine_adherence_frnt-CQI/src/screens/patient/patientStyles/MedicineImagesStyles.js","statementMap":{"0":{"start":{"line":3,"column":21},"end":{"line":3,"column":51}},"1":{"start":{"line":4,"column":19},"end":{"line":4,"column":50}},"2":{"start":{"line":6,"column":15},"end":{"line":80,"column":2}}},"fnMap":{},"branchMap":{},"s":{"0":1,"1":1,"2":1},"f":{},"b":{},"_coverageSchema":"1a1c01bbd47fc00a2c39e90264f33305004495a9","hash":"6125e96baebf0b7fa8eb1f17f65ac441d354dddf"}
,"/home/nineleaps/Desktop/medicine_adherence_frnt-CQI/src/screens/patient/patientStyles/MyPatientStyles.js": {"path":"/home/nineleaps/Desktop/medicine_adherence_frnt-CQI/src/screens/patient/patientStyles/MyPatientStyles.js","statementMap":{"0":{"start":{"line":3,"column":15},"end":{"line":27,"column":2}}},"fnMap":{},"branchMap":{},"s":{"0":2},"f":{},"b":{},"_coverageSchema":"1a1c01bbd47fc00a2c39e90264f33305004495a9","hash":"ad08d404d9e6d335906be2f8d319aa058c06f545"}
,"/home/nineleaps/Desktop/medicine_adherence_frnt-CQI/src/screens/patient/patientStyles/PatientProfileStyles.js": {"path":"/home/nineleaps/Desktop/medicine_adherence_frnt-CQI/src/screens/patient/patientStyles/PatientProfileStyles.js","statementMap":{"0":{"start":{"line":3,"column":14},"end":{"line":82,"column":2}}},"fnMap":{},"branchMap":{},"s":{"0":1},"f":{},"b":{},"_coverageSchema":"1a1c01bbd47fc00a2c39e90264f33305004495a9","hash":"34df2d32235a9c1cec31d543e50f5c0555a64e7c"}
,"/home/nineleaps/Desktop/medicine_adherence_frnt-CQI/src/screens/patient/patientStyles/PatientReportStyles.js": {"path":"/home/nineleaps/Desktop/medicine_adherence_frnt-CQI/src/screens/patient/patientStyles/PatientReportStyles.js","statementMap":{"0":{"start":{"line":3,"column":14},"end":{"line":83,"column":2}}},"fnMap":{},"branchMap":{},"s":{"0":1},"f":{},"b":{},"_coverageSchema":"1a1c01bbd47fc00a2c39e90264f33305004495a9","hash":"7b246c10fa0c801618fa1989d6b6cf7b41d74d5f"}
,"/home/nineleaps/Desktop/medicine_adherence_frnt-CQI/src/screens/patient/patientStyles/PatientRequestStyles.js": {"path":"/home/nineleaps/Desktop/medicine_adherence_frnt-CQI/src/screens/patient/patientStyles/PatientRequestStyles.js","statementMap":{"0":{"start":{"line":3,"column":14},"end":{"line":42,"column":2}}},"fnMap":{},"branchMap":{},"s":{"0":2},"f":{},"b":{},"_coverageSchema":"1a1c01bbd47fc00a2c39e90264f33305004495a9","hash":"c2d9249caa93bd56a3214e7a8e7e87b760cea487"}
,"/home/nineleaps/Desktop/medicine_adherence_frnt-CQI/src/screens/patient/patientStyles/PatientStyles.js": {"path":"/home/nineleaps/Desktop/medicine_adherence_frnt-CQI/src/screens/patient/patientStyles/PatientStyles.js","statementMap":{"0":{"start":{"line":3,"column":14},"end":{"line":14,"column":2}}},"fnMap":{},"branchMap":{},"s":{"0":1},"f":{},"b":{},"_coverageSchema":"1a1c01bbd47fc00a2c39e90264f33305004495a9","hash":"acd7932229160f16579cf91ceffa37a93bb9d7de"}
,"/home/nineleaps/Desktop/medicine_adherence_frnt-CQI/src/screens/profile/Profile.js": {"path":"/home/nineleaps/Desktop/medicine_adherence_frnt-CQI/src/screens/profile/Profile.js","statementMap":{"0":{"start":{"line":45,"column":16},"end":{"line":386,"column":1}},"1":{"start":{"line":46,"column":28},"end":{"line":48,"column":4}},"2":{"start":{"line":49,"column":26},"end":{"line":49,"column":79}},"3":{"start":{"line":51,"column":28},"end":{"line":51,"column":49}},"4":{"start":{"line":53,"column":35},"end":{"line":53,"column":56}},"5":{"start":{"line":108,"column":2},"end":{"line":144,"column":4}},"6":{"start":{"line":111,"column":8},"end":{"line":137,"column":24}},"7":{"start":{"line":112,"column":10},"end":{"line":132,"column":11}},"8":{"start":{"line":113,"column":12},"end":{"line":130,"column":14}},"9":{"start":{"line":120,"column":20},"end":{"line":120,"column":49}},"10":{"start":{"line":126,"column":20},"end":{"line":126,"column":48}},"11":{"start":{"line":131,"column":12},"end":{"line":131,"column":19}},"12":{"start":{"line":133,"column":23},"end":{"line":133,"column":58}},"13":{"start":{"line":135,"column":10},"end":{"line":135,"column":26}},"14":{"start":{"line":136,"column":10},"end":{"line":136,"column":36}},"15":{"start":{"line":139,"column":6},"end":{"line":139,"column":16}},"16":{"start":{"line":140,"column":6},"end":{"line":142,"column":8}},"17":{"start":{"line":145,"column":21},"end":{"line":147,"column":3}},"18":{"start":{"line":146,"column":4},"end":{"line":146,"column":65}},"19":{"start":{"line":148,"column":19},"end":{"line":150,"column":3}},"20":{"start":{"line":149,"column":4},"end":{"line":149,"column":63}},"21":{"start":{"line":151,"column":20},"end":{"line":153,"column":3}},"22":{"start":{"line":152,"column":4},"end":{"line":152,"column":68}},"23":{"start":{"line":154,"column":2},"end":{"line":385,"column":4}},"24":{"start":{"line":172,"column":29},"end":{"line":172,"column":44}},"25":{"start":{"line":190,"column":42},"end":{"line":190,"column":66}},"26":{"start":{"line":201,"column":24},"end":{"line":372,"column":31}},"27":{"start":{"line":241,"column":34},"end":{"line":244,"column":62}},"28":{"start":{"line":279,"column":34},"end":{"line":279,"column":69}},"29":{"start":{"line":307,"column":34},"end":{"line":307,"column":76}},"30":{"start":{"line":339,"column":34},"end":{"line":339,"column":73}}},"fnMap":{"0":{"name":"(anonymous_0)","decl":{"start":{"line":45,"column":16},"end":{"line":45,"column":17}},"loc":{"start":{"line":45,"column":34},"end":{"line":386,"column":1}},"line":45},"1":{"name":"(anonymous_1)","decl":{"start":{"line":109,"column":22},"end":{"line":109,"column":23}},"loc":{"start":{"line":109,"column":28},"end":{"line":143,"column":5}},"line":109},"2":{"name":"getuser","decl":{"start":{"line":110,"column":21},"end":{"line":110,"column":28}},"loc":{"start":{"line":110,"column":31},"end":{"line":138,"column":7}},"line":110},"3":{"name":"(anonymous_3)","decl":{"start":{"line":119,"column":27},"end":{"line":119,"column":28}},"loc":{"start":{"line":119,"column":33},"end":{"line":121,"column":19}},"line":119},"4":{"name":"(anonymous_4)","decl":{"start":{"line":125,"column":27},"end":{"line":125,"column":28}},"loc":{"start":{"line":125,"column":33},"end":{"line":127,"column":19}},"line":125},"5":{"name":"(anonymous_5)","decl":{"start":{"line":140,"column":13},"end":{"line":140,"column":14}},"loc":{"start":{"line":140,"column":19},"end":{"line":142,"column":7}},"line":140},"6":{"name":"(anonymous_6)","decl":{"start":{"line":145,"column":21},"end":{"line":145,"column":22}},"loc":{"start":{"line":145,"column":27},"end":{"line":147,"column":3}},"line":145},"7":{"name":"(anonymous_7)","decl":{"start":{"line":148,"column":19},"end":{"line":148,"column":20}},"loc":{"start":{"line":148,"column":25},"end":{"line":150,"column":3}},"line":148},"8":{"name":"(anonymous_8)","decl":{"start":{"line":151,"column":20},"end":{"line":151,"column":21}},"loc":{"start":{"line":151,"column":26},"end":{"line":153,"column":3}},"line":151},"9":{"name":"(anonymous_9)","decl":{"start":{"line":172,"column":23},"end":{"line":172,"column":24}},"loc":{"start":{"line":172,"column":29},"end":{"line":172,"column":44}},"line":172},"10":{"name":"(anonymous_10)","decl":{"start":{"line":190,"column":32},"end":{"line":190,"column":33}},"loc":{"start":{"line":190,"column":42},"end":{"line":190,"column":66}},"line":190},"11":{"name":"(anonymous_11)","decl":{"start":{"line":191,"column":23},"end":{"line":191,"column":24}},"loc":{"start":{"line":201,"column":24},"end":{"line":372,"column":31}},"line":201},"12":{"name":"(anonymous_12)","decl":{"start":{"line":240,"column":38},"end":{"line":240,"column":39}},"loc":{"start":{"line":241,"column":34},"end":{"line":244,"column":62}},"line":241},"13":{"name":"(anonymous_13)","decl":{"start":{"line":278,"column":47},"end":{"line":278,"column":48}},"loc":{"start":{"line":279,"column":34},"end":{"line":279,"column":69}},"line":279},"14":{"name":"(anonymous_14)","decl":{"start":{"line":306,"column":47},"end":{"line":306,"column":48}},"loc":{"start":{"line":307,"column":34},"end":{"line":307,"column":76}},"line":307},"15":{"name":"(anonymous_15)","decl":{"start":{"line":338,"column":47},"end":{"line":338,"column":48}},"loc":{"start":{"line":339,"column":34},"end":{"line":339,"column":73}},"line":339}},"branchMap":{"0":{"loc":{"start":{"line":112,"column":10},"end":{"line":132,"column":11}},"type":"if","locations":[{"start":{"line":112,"column":10},"end":{"line":132,"column":11}},{"start":{},"end":{}}],"line":112},"1":{"loc":{"start":{"line":176,"column":15},"end":{"line":379,"column":15}},"type":"cond-expr","locations":[{"start":{"line":177,"column":16},"end":{"line":376,"column":19}},{"start":{"line":378,"column":16},"end":{"line":378,"column":32}}],"line":176},"2":{"loc":{"start":{"line":212,"column":27},"end":{"line":214,"column":27}},"type":"binary-expr","locations":[{"start":{"line":212,"column":27},"end":{"line":212,"column":37}},{"start":{"line":212,"column":41},"end":{"line":212,"column":52}},{"start":{"line":213,"column":28},"end":{"line":213,"column":78}}],"line":212},"3":{"loc":{"start":{"line":225,"column":27},"end":{"line":229,"column":27}},"type":"binary-expr","locations":[{"start":{"line":225,"column":27},"end":{"line":225,"column":41}},{"start":{"line":225,"column":45},"end":{"line":225,"column":60}},{"start":{"line":226,"column":28},"end":{"line":228,"column":35}}],"line":225},"4":{"loc":{"start":{"line":249,"column":27},"end":{"line":251,"column":27}},"type":"binary-expr","locations":[{"start":{"line":249,"column":27},"end":{"line":249,"column":37}},{"start":{"line":250,"column":28},"end":{"line":250,"column":78}}],"line":249},"5":{"loc":{"start":{"line":262,"column":27},"end":{"line":266,"column":27}},"type":"binary-expr","locations":[{"start":{"line":262,"column":27},"end":{"line":262,"column":40}},{"start":{"line":263,"column":28},"end":{"line":265,"column":35}}],"line":262},"6":{"loc":{"start":{"line":292,"column":31},"end":{"line":292,"column":62}},"type":"binary-expr","locations":[{"start":{"line":292,"column":31},"end":{"line":292,"column":45}},{"start":{"line":292,"column":49},"end":{"line":292,"column":62}}],"line":292},"7":{"loc":{"start":{"line":323,"column":31},"end":{"line":323,"column":76}},"type":"binary-expr","locations":[{"start":{"line":323,"column":31},"end":{"line":323,"column":52}},{"start":{"line":323,"column":56},"end":{"line":323,"column":76}}],"line":323},"8":{"loc":{"start":{"line":358,"column":31},"end":{"line":358,"column":70}},"type":"binary-expr","locations":[{"start":{"line":358,"column":31},"end":{"line":358,"column":49}},{"start":{"line":358,"column":53},"end":{"line":358,"column":70}}],"line":358}},"s":{"0":1,"1":6,"2":6,"3":6,"4":6,"5":6,"6":0,"7":0,"8":0,"9":0,"10":0,"11":0,"12":0,"13":0,"14":0,"15":0,"16":0,"17":6,"18":0,"19":6,"20":0,"21":6,"22":0,"23":6,"24":1,"25":0,"26":0,"27":0,"28":0,"29":0,"30":0},"f":{"0":6,"1":0,"2":0,"3":0,"4":0,"5":0,"6":0,"7":0,"8":0,"9":1,"10":0,"11":0,"12":0,"13":0,"14":0,"15":0},"b":{"0":[0,0],"1":[1,5],"2":[0,0,0],"3":[0,0,0],"4":[0,0],"5":[0,0],"6":[0,0],"7":[0,0],"8":[0,0]},"_coverageSchema":"1a1c01bbd47fc00a2c39e90264f33305004495a9","hash":"b81ffcb0df76f8ab3033759eed9a7031f03ec649"}
,"/home/nineleaps/Desktop/medicine_adherence_frnt-CQI/src/screens/profile/SavedDetails.js": {"path":"/home/nineleaps/Desktop/medicine_adherence_frnt-CQI/src/screens/profile/SavedDetails.js","statementMap":{"0":{"start":{"line":12,"column":21},"end":{"line":105,"column":1}},"1":{"start":{"line":13,"column":26},"end":{"line":13,"column":44}},"2":{"start":{"line":14,"column":34},"end":{"line":14,"column":52}},"3":{"start":{"line":15,"column":26},"end":{"line":15,"column":44}},"4":{"start":{"line":16,"column":32},"end":{"line":16,"column":50}},"5":{"start":{"line":17,"column":32},"end":{"line":17,"column":50}},"6":{"start":{"line":18,"column":24},"end":{"line":18,"column":42}},"7":{"start":{"line":19,"column":30},"end":{"line":19,"column":48}},"8":{"start":{"line":45,"column":2},"end":{"line":104,"column":4}}},"fnMap":{"0":{"name":"(anonymous_0)","decl":{"start":{"line":12,"column":21},"end":{"line":12,"column":22}},"loc":{"start":{"line":12,"column":27},"end":{"line":105,"column":1}},"line":12}},"branchMap":{},"s":{"0":2,"1":5,"2":5,"3":5,"4":5,"5":5,"6":5,"7":5,"8":5},"f":{"0":5},"b":{},"_coverageSchema":"1a1c01bbd47fc00a2c39e90264f33305004495a9","hash":"a37aa6caae0ecd7e475e7d2f6c3b5b5f4c1e568b"}
,"/home/nineleaps/Desktop/medicine_adherence_frnt-CQI/src/screens/profile/profileStyles/ProfileStyles.js": {"path":"/home/nineleaps/Desktop/medicine_adherence_frnt-CQI/src/screens/profile/profileStyles/ProfileStyles.js","statementMap":{"0":{"start":{"line":3,"column":15},"end":{"line":135,"column":2}}},"fnMap":{},"branchMap":{},"s":{"0":2},"f":{},"b":{},"_coverageSchema":"1a1c01bbd47fc00a2c39e90264f33305004495a9","hash":"3f550a6e086e2110aec5410f8a398e8fe8df6e19"}
,"/home/nineleaps/Desktop/medicine_adherence_frnt-CQI/src/screens/screenStyles/AboutAppStyles.js": {"path":"/home/nineleaps/Desktop/medicine_adherence_frnt-CQI/src/screens/screenStyles/AboutAppStyles.js","statementMap":{"0":{"start":{"line":4,"column":17},"end":{"line":4,"column":41}},"1":{"start":{"line":5,"column":16},"end":{"line":5,"column":40}},"2":{"start":{"line":6,"column":20},"end":{"line":6,"column":33}},"3":{"start":{"line":7,"column":19},"end":{"line":7,"column":28}},"4":{"start":{"line":10,"column":15},"end":{"line":32,"column":4}}},"fnMap":{},"branchMap":{},"s":{"0":1,"1":1,"2":1,"3":1,"4":1},"f":{},"b":{},"_coverageSchema":"1a1c01bbd47fc00a2c39e90264f33305004495a9","hash":"b2253f7d32488eed29da60b07d31b341bbbdbcb9"}
,"/home/nineleaps/Desktop/medicine_adherence_frnt-CQI/src/screens/screenStyles/AddMedicineStyles.js": {"path":"/home/nineleaps/Desktop/medicine_adherence_frnt-CQI/src/screens/screenStyles/AddMedicineStyles.js","statementMap":{"0":{"start":{"line":3,"column":15},"end":{"line":40,"column":2}}},"fnMap":{},"branchMap":{},"s":{"0":1},"f":{},"b":{},"_coverageSchema":"1a1c01bbd47fc00a2c39e90264f33305004495a9","hash":"65cf26ff712ff15d7948baf4419b551f152f8b40"}
,"/home/nineleaps/Desktop/medicine_adherence_frnt-CQI/src/screens/screenStyles/OnboardingStyles.js": {"path":"/home/nineleaps/Desktop/medicine_adherence_frnt-CQI/src/screens/screenStyles/OnboardingStyles.js","statementMap":{"0":{"start":{"line":3,"column":14},"end":{"line":11,"column":2}}},"fnMap":{},"branchMap":{},"s":{"0":1},"f":{},"b":{},"_coverageSchema":"1a1c01bbd47fc00a2c39e90264f33305004495a9","hash":"cd058af55ea7567a7ecbb466373519887a2750fb"}
,"/home/nineleaps/Desktop/medicine_adherence_frnt-CQI/src/screens/screenStyles/SettingStyles.js": {"path":"/home/nineleaps/Desktop/medicine_adherence_frnt-CQI/src/screens/screenStyles/SettingStyles.js","statementMap":{"0":{"start":{"line":3,"column":15},"end":{"line":8,"column":2}}},"fnMap":{},"branchMap":{},"s":{"0":1},"f":{},"b":{},"_coverageSchema":"1a1c01bbd47fc00a2c39e90264f33305004495a9","hash":"f3c12b243c28b292f0478ba2194adcb176195754"}
}
